[2026-02-11T19:55:17][ERROR] SQLSTATE[42S02]: Base table or view not found: 1146 Table 'librenms.devices' doesn't exist (Connection: dbFacile, SQL: SELECT `device_id` FROM devices WHERE `hostname` = librenms-syslogng OR `sysName` = librenms-syslogng)#0 /opt/librenms/includes/syslog.php(15): dbFetchCell()
#1 /opt/librenms/includes/syslog.php(60): get_cache()
#2 /opt/librenms/syslog.php(22): process_syslog()
#3 {main}  
[2026-02-11T19:55:17][ERROR] SQLSTATE[42S02]: Base table or view not found: 1146 Table 'librenms.ipv4_addresses' doesn't exist (Connection: dbFacile, SQL: SELECT `device_id` FROM `ipv4_addresses` AS A, `ports` AS I WHERE A.ipv4_address = librenms-syslogng AND I.port_id = A.port_id)#0 /opt/librenms/includes/syslog.php(21): dbFetchCell()
#1 /opt/librenms/includes/syslog.php(60): get_cache()
#2 /opt/librenms/syslog.php(22): process_syslog()
#3 {main}  
[2026-02-11T19:57:59][ERROR] SQLSTATE[HY000]: General error: 2006 MySQL server has gone away (Connection: dbFacile, SQL: SELECT `device_id` FROM devices WHERE `hostname` = librenms-syslogng OR `sysName` = librenms-syslogng)#0 /opt/librenms/includes/syslog.php(15): dbFetchCell()
#1 /opt/librenms/includes/syslog.php(60): get_cache()
#2 /opt/librenms/syslog.php(22): process_syslog()
#3 {main}  
[2026-02-11T19:57:59][ERROR] SQLSTATE[HY000]: General error: 2006 MySQL server has gone away (Connection: dbFacile, SQL: SELECT `device_id` FROM `ipv4_addresses` AS A, `ports` AS I WHERE A.ipv4_address = librenms-syslogng AND I.port_id = A.port_id)#0 /opt/librenms/includes/syslog.php(21): dbFetchCell()
#1 /opt/librenms/includes/syslog.php(60): get_cache()
#2 /opt/librenms/syslog.php(22): process_syslog()
#3 {main}  
[2026-02-11T19:58:07][ERROR] SQLSTATE[42S02]: Base table or view not found: 1146 Table 'librenms.devices' doesn't exist (Connection: dbFacile, SQL: SELECT `device_id` FROM devices WHERE `hostname` = librenms-syslogng OR `sysName` = librenms-syslogng)#0 /opt/librenms/includes/syslog.php(15): dbFetchCell()
#1 /opt/librenms/includes/syslog.php(60): get_cache()
#2 /opt/librenms/syslog.php(22): process_syslog()
#3 {main}  
[2026-02-11T19:58:07][ERROR] SQLSTATE[42S02]: Base table or view not found: 1146 Table 'librenms.ipv4_addresses' doesn't exist (Connection: dbFacile, SQL: SELECT `device_id` FROM `ipv4_addresses` AS A, `ports` AS I WHERE A.ipv4_address = librenms-syslogng AND I.port_id = A.port_id)#0 /opt/librenms/includes/syslog.php(21): dbFetchCell()
#1 /opt/librenms/includes/syslog.php(60): get_cache()
#2 /opt/librenms/syslog.php(22): process_syslog()
#3 {main}  
[2026-02-11T19:58:07][ERROR] PDOException: SQLSTATE[42S02]: Base table or view not found: 1146 Table 'librenms.config' doesn't exist in /opt/librenms/vendor/laravel/framework/src/Illuminate/Database/Connection.php:406
Stack trace:
#0 /opt/librenms/vendor/laravel/framework/src/Illuminate/Database/Connection.php(406): PDO->prepare()
#1 /opt/librenms/vendor/laravel/framework/src/Illuminate/Database/Connection.php(811): Illuminate\Database\Connection->Illuminate\Database\{closure}()
#2 /opt/librenms/vendor/laravel/framework/src/Illuminate/Database/Connection.php(778): Illuminate\Database\Connection->runQueryCallback()
#3 /opt/librenms/vendor/laravel/framework/src/Illuminate/Database/Connection.php(397): Illuminate\Database\Connection->run()
#4 /opt/librenms/vendor/laravel/framework/src/Illuminate/Database/Query/Builder.php(3188): Illuminate\Database\Connection->select()
#5 /opt/librenms/vendor/laravel/framework/src/Illuminate/Database/Query/Builder.php(3173): Illuminate\Database\Query\Builder->runSelect()
#6 /opt/librenms/vendor/laravel/framework/src/Illuminate/Database/Query/Builder.php(3763): Illuminate\Database\Query\Builder->Illuminate\Database\Query\{closure}()
#7 /opt/librenms/vendor/laravel/framework/src/Illuminate/Database/Query/Builder.php(3172): Illuminate\Database\Query\Builder->onceWithColumns()
#8 /opt/librenms/vendor/laravel/framework/src/Illuminate/Database/Eloquent/Builder.php(902): Illuminate\Database\Query\Builder->get()
#9 /opt/librenms/vendor/laravel/framework/src/Illuminate/Database/Eloquent/Builder.php(884): Illuminate\Database\Eloquent\Builder->getModels()
#10 /opt/librenms/vendor/laravel/framework/src/Illuminate/Database/Concerns/BuildsQueries.php(366): Illuminate\Database\Eloquent\Builder->get()
#11 /opt/librenms/vendor/laravel/framework/src/Illuminate/Database/Eloquent/Builder.php(708): Illuminate\Database\Eloquent\Builder->first()
#12 /opt/librenms/vendor/laravel/framework/src/Illuminate/Database/Eloquent/Builder.php(740): Illuminate\Database\Eloquent\Builder->firstOrCreate()
#13 /opt/librenms/vendor/laravel/framework/src/Illuminate/Support/Traits/ForwardsCalls.php(23): Illuminate\Database\Eloquent\Builder->updateOrCreate()
#14 /opt/librenms/vendor/laravel/framework/src/Illuminate/Database/Eloquent/Model.php(2540): Illuminate\Database\Eloquent\Model->forwardCallTo()
#15 /opt/librenms/vendor/laravel/framework/src/Illuminate/Database/Eloquent/Model.php(2556): Illuminate\Database\Eloquent\Model->__call()
#16 /opt/librenms/app/ConfigRepository.php(227): Illuminate\Database\Eloquent\Model::__callStatic()
#17 /opt/librenms/app/ConfigRepository.php(451): App\ConfigRepository->persist()
#18 /opt/librenms/app/ConfigRepository.php(65): App\ConfigRepository->loadPostUserConfigDefaults()
#19 /opt/librenms/vendor/laravel/framework/src/Illuminate/Cache/Repository.php(431): App\ConfigRepository->App\{closure}()
#20 /opt/librenms/app/ConfigRepository.php(58): Illuminate\Cache\Repository->remember()
#21 /opt/librenms/app/Providers/ConfigServiceProvider.php(19): App\ConfigRepository->__construct()
#22 /opt/librenms/vendor/laravel/framework/src/Illuminate/Container/Container.php(1154): App\Providers\ConfigServiceProvider->App\Providers\{closure}()
#23 /opt/librenms/vendor/laravel/framework/src/Illuminate/Container/Container.php(972): Illuminate\Container\Container->build()
#24 /opt/librenms/vendor/laravel/framework/src/Illuminate/Foundation/Application.php(1078): Illuminate\Container\Container->resolve()
#25 /opt/librenms/vendor/laravel/framework/src/Illuminate/Container/Container.php(903): Illuminate\Foundation\Application->resolve()
#26 /opt/librenms/vendor/laravel/framework/src/Illuminate/Foundation/Application.php(1058): Illuminate\Container\Container->make()
#27 /opt/librenms/vendor/laravel/framework/src/Illuminate/Container/Container.php(1856): Illuminate\Foundation\Application->make()
#28 /opt/librenms/vendor/laravel/framework/src/Illuminate/Support/Facades/Facade.php(240): Illuminate\Container\Container->offsetGet()
#29 /opt/librenms/vendor/laravel/framework/src/Illuminate/Support/Facades/Facade.php(211): Illuminate\Support\Facades\Facade::resolveFacadeInstance()
#30 /opt/librenms/vendor/laravel/framework/src/Illuminate/Support/Facades/Facade.php(357): Illuminate\Support\Facades\Facade::getFacadeRoot()
#31 /opt/librenms/routes/console.php(180): Illuminate\Support\Facades\Facade::__callStatic()
#32 /opt/librenms/vendor/laravel/framework/src/Illuminate/Foundation/Console/Kernel.php(502): require('...')
#33 /opt/librenms/vendor/laravel/framework/src/Illuminate/Foundation/Console/Kernel.php(482): Illuminate\Foundation\Console\Kernel->discoverCommands()
#34 /opt/librenms/vendor/laravel/framework/src/Illuminate/Foundation/Console/Kernel.php(195): Illuminate\Foundation\Console\Kernel->bootstrap()
#35 /opt/librenms/lnms(35): Illuminate\Foundation\Console\Kernel->handle()
#36 {main}

Next Illuminate\Database\QueryException: SQLSTATE[42S02]: Base table or view not found: 1146 Table 'librenms.config' doesn't exist (Connection: mysql, SQL: select * from `config` where (`config_name` = device_display_default) limit 1) in /opt/librenms/vendor/laravel/framework/src/Illuminate/Database/Connection.php:824
Stack trace:
#0 /opt/librenms/vendor/laravel/framework/src/Illuminate/Database/Connection.php(778): Illuminate\Database\Connection->runQueryCallback()
#1 /opt/librenms/vendor/laravel/framework/src/Illuminate/Database/Connection.php(397): Illuminate\Database\Connection->run()
#2 /opt/librenms/vendor/laravel/framework/src/Illuminate/Database/Query/Builder.php(3188): Illuminate\Database\Connection->select()
#3 /opt/librenms/vendor/laravel/framework/src/Illuminate/Database/Query/Builder.php(3173): Illuminate\Database\Query\Builder->runSelect()
#4 /opt/librenms/vendor/laravel/framework/src/Illuminate/Database/Query/Builder.php(3763): Illuminate\Database\Query\Builder->Illuminate\Database\Query\{closure}()
#5 /opt/librenms/vendor/laravel/framework/src/Illuminate/Database/Query/Builder.php(3172): Illuminate\Database\Query\Builder->onceWithColumns()
#6 /opt/librenms/vendor/laravel/framework/src/Illuminate/Database/Eloquent/Builder.php(902): Illuminate\Database\Query\Builder->get()
#7 /opt/librenms/vendor/laravel/framework/src/Illuminate/Database/Eloquent/Builder.php(884): Illuminate\Database\Eloquent\Builder->getModels()
#8 /opt/librenms/vendor/laravel/framework/src/Illuminate/Database/Concerns/BuildsQueries.php(366): Illuminate\Database\Eloquent\Builder->get()
#9 /opt/librenms/vendor/laravel/framework/src/Illuminate/Database/Eloquent/Builder.php(708): Illuminate\Database\Eloquent\Builder->first()
#10 /opt/librenms/vendor/laravel/framework/src/Illuminate/Database/Eloquent/Builder.php(740): Illuminate\Database\Eloquent\Builder->firstOrCreate()
#11 /opt/librenms/vendor/laravel/framework/src/Illuminate/Support/Traits/ForwardsCalls.php(23): Illuminate\Database\Eloquent\Builder->updateOrCreate()
#12 /opt/librenms/vendor/laravel/framework/src/Illuminate/Database/Eloquent/Model.php(2540): Illuminate\Database\Eloquent\Model->forwardCallTo()
#13 /opt/librenms/vendor/laravel/framework/src/Illuminate/Database/Eloquent/Model.php(2556): Illuminate\Database\Eloquent\Model->__call()
#14 /opt/librenms/app/ConfigRepository.php(227): Illuminate\Database\Eloquent\Model::__callStatic()
#15 /opt/librenms/app/ConfigRepository.php(451): App\ConfigRepository->persist()
#16 /opt/librenms/app/ConfigRepository.php(65): App\ConfigRepository->loadPostUserConfigDefaults()
#17 /opt/librenms/vendor/laravel/framework/src/Illuminate/Cache/Repository.php(431): App\ConfigRepository->App\{closure}()
#18 /opt/librenms/app/ConfigRepository.php(58): Illuminate\Cache\Repository->remember()
#19 /opt/librenms/app/Providers/ConfigServiceProvider.php(19): App\ConfigRepository->__construct()
#20 /opt/librenms/vendor/laravel/framework/src/Illuminate/Container/Container.php(1154): App\Providers\ConfigServiceProvider->App\Providers\{closure}()
#21 /opt/librenms/vendor/laravel/framework/src/Illuminate/Container/Container.php(972): Illuminate\Container\Container->build()
#22 /opt/librenms/vendor/laravel/framework/src/Illuminate/Foundation/Application.php(1078): Illuminate\Container\Container->resolve()
#23 /opt/librenms/vendor/laravel/framework/src/Illuminate/Container/Container.php(903): Illuminate\Foundation\Application->resolve()
#24 /opt/librenms/vendor/laravel/framework/src/Illuminate/Foundation/Application.php(1058): Illuminate\Container\Container->make()
#25 /opt/librenms/vendor/laravel/framework/src/Illuminate/Container/Container.php(1856): Illuminate\Foundation\Application->make()
#26 /opt/librenms/vendor/laravel/framework/src/Illuminate/Support/Facades/Facade.php(240): Illuminate\Container\Container->offsetGet()
#27 /opt/librenms/vendor/laravel/framework/src/Illuminate/Support/Facades/Facade.php(211): Illuminate\Support\Facades\Facade::resolveFacadeInstance()
#28 /opt/librenms/vendor/laravel/framework/src/Illuminate/Support/Facades/Facade.php(357): Illuminate\Support\Facades\Facade::getFacadeRoot()
#29 /opt/librenms/routes/console.php(180): Illuminate\Support\Facades\Facade::__callStatic()
#30 /opt/librenms/vendor/laravel/framework/src/Illuminate/Foundation/Console/Kernel.php(502): require('...')
#31 /opt/librenms/vendor/laravel/framework/src/Illuminate/Foundation/Console/Kernel.php(482): Illuminate\Foundation\Console\Kernel->discoverCommands()
#32 /opt/librenms/vendor/laravel/framework/src/Illuminate/Foundation/Console/Kernel.php(195): Illuminate\Foundation\Console\Kernel->bootstrap()
#33 /opt/librenms/lnms(35): Illuminate\Foundation\Console\Kernel->handle()
#34 {main}  
[2026-02-11T19:58:07][ERROR] PDOException: SQLSTATE[42S02]: Base table or view not found: 1146 Table 'librenms.config' doesn't exist in /opt/librenms/vendor/laravel/framework/src/Illuminate/Database/Connection.php:406
Stack trace:
#0 /opt/librenms/vendor/laravel/framework/src/Illuminate/Database/Connection.php(406): PDO->prepare()
#1 /opt/librenms/vendor/laravel/framework/src/Illuminate/Database/Connection.php(811): Illuminate\Database\Connection->Illuminate\Database\{closure}()
#2 /opt/librenms/vendor/laravel/framework/src/Illuminate/Database/Connection.php(778): Illuminate\Database\Connection->runQueryCallback()
#3 /opt/librenms/vendor/laravel/framework/src/Illuminate/Database/Connection.php(397): Illuminate\Database\Connection->run()
#4 /opt/librenms/vendor/laravel/framework/src/Illuminate/Database/Query/Builder.php(3188): Illuminate\Database\Connection->select()
#5 /opt/librenms/vendor/laravel/framework/src/Illuminate/Database/Query/Builder.php(3173): Illuminate\Database\Query\Builder->runSelect()
#6 /opt/librenms/vendor/laravel/framework/src/Illuminate/Database/Query/Builder.php(3763): Illuminate\Database\Query\Builder->Illuminate\Database\Query\{closure}()
#7 /opt/librenms/vendor/laravel/framework/src/Illuminate/Database/Query/Builder.php(3172): Illuminate\Database\Query\Builder->onceWithColumns()
#8 /opt/librenms/vendor/laravel/framework/src/Illuminate/Database/Eloquent/Builder.php(902): Illuminate\Database\Query\Builder->get()
#9 /opt/librenms/vendor/laravel/framework/src/Illuminate/Database/Eloquent/Builder.php(884): Illuminate\Database\Eloquent\Builder->getModels()
#10 /opt/librenms/vendor/laravel/framework/src/Illuminate/Database/Concerns/BuildsQueries.php(366): Illuminate\Database\Eloquent\Builder->get()
#11 /opt/librenms/vendor/laravel/framework/src/Illuminate/Database/Eloquent/Builder.php(708): Illuminate\Database\Eloquent\Builder->first()
#12 /opt/librenms/vendor/laravel/framework/src/Illuminate/Database/Eloquent/Builder.php(740): Illuminate\Database\Eloquent\Builder->firstOrCreate()
#13 /opt/librenms/vendor/laravel/framework/src/Illuminate/Support/Traits/ForwardsCalls.php(23): Illuminate\Database\Eloquent\Builder->updateOrCreate()
#14 /opt/librenms/vendor/laravel/framework/src/Illuminate/Database/Eloquent/Model.php(2540): Illuminate\Database\Eloquent\Model->forwardCallTo()
#15 /opt/librenms/vendor/laravel/framework/src/Illuminate/Database/Eloquent/Model.php(2556): Illuminate\Database\Eloquent\Model->__call()
#16 /opt/librenms/app/ConfigRepository.php(227): Illuminate\Database\Eloquent\Model::__callStatic()
#17 /opt/librenms/app/ConfigRepository.php(457): App\ConfigRepository->persist()
#18 /opt/librenms/app/ConfigRepository.php(65): App\ConfigRepository->loadPostUserConfigDefaults()
#19 /opt/librenms/vendor/laravel/framework/src/Illuminate/Cache/Repository.php(431): App\ConfigRepository->App\{closure}()
#20 /opt/librenms/app/ConfigRepository.php(58): Illuminate\Cache\Repository->remember()
#21 /opt/librenms/app/Providers/ConfigServiceProvider.php(19): App\ConfigRepository->__construct()
#22 /opt/librenms/vendor/laravel/framework/src/Illuminate/Container/Container.php(1154): App\Providers\ConfigServiceProvider->App\Providers\{closure}()
#23 /opt/librenms/vendor/laravel/framework/src/Illuminate/Container/Container.php(972): Illuminate\Container\Container->build()
#24 /opt/librenms/vendor/laravel/framework/src/Illuminate/Foundation/Application.php(1078): Illuminate\Container\Container->resolve()
#25 /opt/librenms/vendor/laravel/framework/src/Illuminate/Container/Container.php(903): Illuminate\Foundation\Application->resolve()
#26 /opt/librenms/vendor/laravel/framework/src/Illuminate/Foundation/Application.php(1058): Illuminate\Container\Container->make()
#27 /opt/librenms/vendor/laravel/framework/src/Illuminate/Container/Container.php(1856): Illuminate\Foundation\Application->make()
#28 /opt/librenms/vendor/laravel/framework/src/Illuminate/Support/Facades/Facade.php(240): Illuminate\Container\Container->offsetGet()
#29 /opt/librenms/vendor/laravel/framework/src/Illuminate/Support/Facades/Facade.php(211): Illuminate\Support\Facades\Facade::resolveFacadeInstance()
#30 /opt/librenms/vendor/laravel/framework/src/Illuminate/Support/Facades/Facade.php(357): Illuminate\Support\Facades\Facade::getFacadeRoot()
#31 /opt/librenms/routes/console.php(180): Illuminate\Support\Facades\Facade::__callStatic()
#32 /opt/librenms/vendor/laravel/framework/src/Illuminate/Foundation/Console/Kernel.php(502): require('...')
#33 /opt/librenms/vendor/laravel/framework/src/Illuminate/Foundation/Console/Kernel.php(482): Illuminate\Foundation\Console\Kernel->discoverCommands()
#34 /opt/librenms/vendor/laravel/framework/src/Illuminate/Foundation/Console/Kernel.php(195): Illuminate\Foundation\Console\Kernel->bootstrap()
#35 /opt/librenms/lnms(35): Illuminate\Foundation\Console\Kernel->handle()
#36 {main}

Next Illuminate\Database\QueryException: SQLSTATE[42S02]: Base table or view not found: 1146 Table 'librenms.config' doesn't exist (Connection: mysql, SQL: select * from `config` where (`config_name` = fping) limit 1) in /opt/librenms/vendor/laravel/framework/src/Illuminate/Database/Connection.php:824
Stack trace:
#0 /opt/librenms/vendor/laravel/framework/src/Illuminate/Database/Connection.php(778): Illuminate\Database\Connection->runQueryCallback()
#1 /opt/librenms/vendor/laravel/framework/src/Illuminate/Database/Connection.php(397): Illuminate\Database\Connection->run()
#2 /opt/librenms/vendor/laravel/framework/src/Illuminate/Database/Query/Builder.php(3188): Illuminate\Database\Connection->select()
#3 /opt/librenms/vendor/laravel/framework/src/Illuminate/Database/Query/Builder.php(3173): Illuminate\Database\Query\Builder->runSelect()
#4 /opt/librenms/vendor/laravel/framework/src/Illuminate/Database/Query/Builder.php(3763): Illuminate\Database\Query\Builder->Illuminate\Database\Query\{closure}()
#5 /opt/librenms/vendor/laravel/framework/src/Illuminate/Database/Query/Builder.php(3172): Illuminate\Database\Query\Builder->onceWithColumns()
#6 /opt/librenms/vendor/laravel/framework/src/Illuminate/Database/Eloquent/Builder.php(902): Illuminate\Database\Query\Builder->get()
#7 /opt/librenms/vendor/laravel/framework/src/Illuminate/Database/Eloquent/Builder.php(884): Illuminate\Database\Eloquent\Builder->getModels()
#8 /opt/librenms/vendor/laravel/framework/src/Illuminate/Database/Concerns/BuildsQueries.php(366): Illuminate\Database\Eloquent\Builder->get()
#9 /opt/librenms/vendor/laravel/framework/src/Illuminate/Database/Eloquent/Builder.php(708): Illuminate\Database\Eloquent\Builder->first()
#10 /opt/librenms/vendor/laravel/framework/src/Illuminate/Database/Eloquent/Builder.php(740): Illuminate\Database\Eloquent\Builder->firstOrCreate()
#11 /opt/librenms/vendor/laravel/framework/src/Illuminate/Support/Traits/ForwardsCalls.php(23): Illuminate\Database\Eloquent\Builder->updateOrCreate()
#12 /opt/librenms/vendor/laravel/framework/src/Illuminate/Database/Eloquent/Model.php(2540): Illuminate\Database\Eloquent\Model->forwardCallTo()
#13 /opt/librenms/vendor/laravel/framework/src/Illuminate/Database/Eloquent/Model.php(2556): Illuminate\Database\Eloquent\Model->__call()
#14 /opt/librenms/app/ConfigRepository.php(227): Illuminate\Database\Eloquent\Model::__callStatic()
#15 /opt/librenms/app/ConfigRepository.php(457): App\ConfigRepository->persist()
#16 /opt/librenms/app/ConfigRepository.php(65): App\ConfigRepository->loadPostUserConfigDefaults()
#17 /opt/librenms/vendor/laravel/framework/src/Illuminate/Cache/Repository.php(431): App\ConfigRepository->App\{closure}()
#18 /opt/librenms/app/ConfigRepository.php(58): Illuminate\Cache\Repository->remember()
#19 /opt/librenms/app/Providers/ConfigServiceProvider.php(19): App\ConfigRepository->__construct()
#20 /opt/librenms/vendor/laravel/framework/src/Illuminate/Container/Container.php(1154): App\Providers\ConfigServiceProvider->App\Providers\{closure}()
#21 /opt/librenms/vendor/laravel/framework/src/Illuminate/Container/Container.php(972): Illuminate\Container\Container->build()
#22 /opt/librenms/vendor/laravel/framework/src/Illuminate/Foundation/Application.php(1078): Illuminate\Container\Container->resolve()
#23 /opt/librenms/vendor/laravel/framework/src/Illuminate/Container/Container.php(903): Illuminate\Foundation\Application->resolve()
#24 /opt/librenms/vendor/laravel/framework/src/Illuminate/Foundation/Application.php(1058): Illuminate\Container\Container->make()
#25 /opt/librenms/vendor/laravel/framework/src/Illuminate/Container/Container.php(1856): Illuminate\Foundation\Application->make()
#26 /opt/librenms/vendor/laravel/framework/src/Illuminate/Support/Facades/Facade.php(240): Illuminate\Container\Container->offsetGet()
#27 /opt/librenms/vendor/laravel/framework/src/Illuminate/Support/Facades/Facade.php(211): Illuminate\Support\Facades\Facade::resolveFacadeInstance()
#28 /opt/librenms/vendor/laravel/framework/src/Illuminate/Support/Facades/Facade.php(357): Illuminate\Support\Facades\Facade::getFacadeRoot()
#29 /opt/librenms/routes/console.php(180): Illuminate\Support\Facades\Facade::__callStatic()
#30 /opt/librenms/vendor/laravel/framework/src/Illuminate/Foundation/Console/Kernel.php(502): require('...')
#31 /opt/librenms/vendor/laravel/framework/src/Illuminate/Foundation/Console/Kernel.php(482): Illuminate\Foundation\Console\Kernel->discoverCommands()
#32 /opt/librenms/vendor/laravel/framework/src/Illuminate/Foundation/Console/Kernel.php(195): Illuminate\Foundation\Console\Kernel->bootstrap()
#33 /opt/librenms/lnms(35): Illuminate\Foundation\Console\Kernel->handle()
#34 {main}  
[2026-02-11T19:58:07][ERROR] PDOException: SQLSTATE[42S02]: Base table or view not found: 1146 Table 'librenms.config' doesn't exist in /opt/librenms/vendor/laravel/framework/src/Illuminate/Database/Connection.php:406
Stack trace:
#0 /opt/librenms/vendor/laravel/framework/src/Illuminate/Database/Connection.php(406): PDO->prepare()
#1 /opt/librenms/vendor/laravel/framework/src/Illuminate/Database/Connection.php(811): Illuminate\Database\Connection->Illuminate\Database\{closure}()
#2 /opt/librenms/vendor/laravel/framework/src/Illuminate/Database/Connection.php(778): Illuminate\Database\Connection->runQueryCallback()
#3 /opt/librenms/vendor/laravel/framework/src/Illuminate/Database/Connection.php(397): Illuminate\Database\Connection->run()
#4 /opt/librenms/vendor/laravel/framework/src/Illuminate/Database/Query/Builder.php(3188): Illuminate\Database\Connection->select()
#5 /opt/librenms/vendor/laravel/framework/src/Illuminate/Database/Query/Builder.php(3173): Illuminate\Database\Query\Builder->runSelect()
#6 /opt/librenms/vendor/laravel/framework/src/Illuminate/Database/Query/Builder.php(3763): Illuminate\Database\Query\Builder->Illuminate\Database\Query\{closure}()
#7 /opt/librenms/vendor/laravel/framework/src/Illuminate/Database/Query/Builder.php(3172): Illuminate\Database\Query\Builder->onceWithColumns()
#8 /opt/librenms/vendor/laravel/framework/src/Illuminate/Database/Eloquent/Builder.php(902): Illuminate\Database\Query\Builder->get()
#9 /opt/librenms/vendor/laravel/framework/src/Illuminate/Database/Eloquent/Builder.php(884): Illuminate\Database\Eloquent\Builder->getModels()
#10 /opt/librenms/vendor/laravel/framework/src/Illuminate/Database/Concerns/BuildsQueries.php(366): Illuminate\Database\Eloquent\Builder->get()
#11 /opt/librenms/vendor/laravel/framework/src/Illuminate/Database/Eloquent/Builder.php(708): Illuminate\Database\Eloquent\Builder->first()
#12 /opt/librenms/vendor/laravel/framework/src/Illuminate/Database/Eloquent/Builder.php(740): Illuminate\Database\Eloquent\Builder->firstOrCreate()
#13 /opt/librenms/vendor/laravel/framework/src/Illuminate/Support/Traits/ForwardsCalls.php(23): Illuminate\Database\Eloquent\Builder->updateOrCreate()
#14 /opt/librenms/vendor/laravel/framework/src/Illuminate/Database/Eloquent/Model.php(2540): Illuminate\Database\Eloquent\Model->forwardCallTo()
#15 /opt/librenms/vendor/laravel/framework/src/Illuminate/Database/Eloquent/Model.php(2556): Illuminate\Database\Eloquent\Model->__call()
#16 /opt/librenms/app/ConfigRepository.php(227): Illuminate\Database\Eloquent\Model::__callStatic()
#17 /opt/librenms/app/ConfigRepository.php(457): App\ConfigRepository->persist()
#18 /opt/librenms/app/ConfigRepository.php(65): App\ConfigRepository->loadPostUserConfigDefaults()
#19 /opt/librenms/vendor/laravel/framework/src/Illuminate/Cache/Repository.php(431): App\ConfigRepository->App\{closure}()
#20 /opt/librenms/app/ConfigRepository.php(58): Illuminate\Cache\Repository->remember()
#21 /opt/librenms/app/Providers/ConfigServiceProvider.php(19): App\ConfigRepository->__construct()
#22 /opt/librenms/vendor/laravel/framework/src/Illuminate/Container/Container.php(1154): App\Providers\ConfigServiceProvider->App\Providers\{closure}()
#23 /opt/librenms/vendor/laravel/framework/src/Illuminate/Container/Container.php(972): Illuminate\Container\Container->build()
#24 /opt/librenms/vendor/laravel/framework/src/Illuminate/Foundation/Application.php(1078): Illuminate\Container\Container->resolve()
#25 /opt/librenms/vendor/laravel/framework/src/Illuminate/Container/Container.php(903): Illuminate\Foundation\Application->resolve()
#26 /opt/librenms/vendor/laravel/framework/src/Illuminate/Foundation/Application.php(1058): Illuminate\Container\Container->make()
#27 /opt/librenms/vendor/laravel/framework/src/Illuminate/Container/Container.php(1856): Illuminate\Foundation\Application->make()
#28 /opt/librenms/vendor/laravel/framework/src/Illuminate/Support/Facades/Facade.php(240): Illuminate\Container\Container->offsetGet()
#29 /opt/librenms/vendor/laravel/framework/src/Illuminate/Support/Facades/Facade.php(211): Illuminate\Support\Facades\Facade::resolveFacadeInstance()
#30 /opt/librenms/vendor/laravel/framework/src/Illuminate/Support/Facades/Facade.php(357): Illuminate\Support\Facades\Facade::getFacadeRoot()
#31 /opt/librenms/routes/console.php(180): Illuminate\Support\Facades\Facade::__callStatic()
#32 /opt/librenms/vendor/laravel/framework/src/Illuminate/Foundation/Console/Kernel.php(502): require('...')
#33 /opt/librenms/vendor/laravel/framework/src/Illuminate/Foundation/Console/Kernel.php(482): Illuminate\Foundation\Console\Kernel->discoverCommands()
#34 /opt/librenms/vendor/laravel/framework/src/Illuminate/Foundation/Console/Kernel.php(195): Illuminate\Foundation\Console\Kernel->bootstrap()
#35 /opt/librenms/lnms(35): Illuminate\Foundation\Console\Kernel->handle()
#36 {main}

Next Illuminate\Database\QueryException: SQLSTATE[42S02]: Base table or view not found: 1146 Table 'librenms.config' doesn't exist (Connection: mysql, SQL: select * from `config` where (`config_name` = fping6) limit 1) in /opt/librenms/vendor/laravel/framework/src/Illuminate/Database/Connection.php:824
Stack trace:
#0 /opt/librenms/vendor/laravel/framework/src/Illuminate/Database/Connection.php(778): Illuminate\Database\Connection->runQueryCallback()
#1 /opt/librenms/vendor/laravel/framework/src/Illuminate/Database/Connection.php(397): Illuminate\Database\Connection->run()
#2 /opt/librenms/vendor/laravel/framework/src/Illuminate/Database/Query/Builder.php(3188): Illuminate\Database\Connection->select()
#3 /opt/librenms/vendor/laravel/framework/src/Illuminate/Database/Query/Builder.php(3173): Illuminate\Database\Query\Builder->runSelect()
#4 /opt/librenms/vendor/laravel/framework/src/Illuminate/Database/Query/Builder.php(3763): Illuminate\Database\Query\Builder->Illuminate\Database\Query\{closure}()
#5 /opt/librenms/vendor/laravel/framework/src/Illuminate/Database/Query/Builder.php(3172): Illuminate\Database\Query\Builder->onceWithColumns()
#6 /opt/librenms/vendor/laravel/framework/src/Illuminate/Database/Eloquent/Builder.php(902): Illuminate\Database\Query\Builder->get()
#7 /opt/librenms/vendor/laravel/framework/src/Illuminate/Database/Eloquent/Builder.php(884): Illuminate\Database\Eloquent\Builder->getModels()
#8 /opt/librenms/vendor/laravel/framework/src/Illuminate/Database/Concerns/BuildsQueries.php(366): Illuminate\Database\Eloquent\Builder->get()
#9 /opt/librenms/vendor/laravel/framework/src/Illuminate/Database/Eloquent/Builder.php(708): Illuminate\Database\Eloquent\Builder->first()
#10 /opt/librenms/vendor/laravel/framework/src/Illuminate/Database/Eloquent/Builder.php(740): Illuminate\Database\Eloquent\Builder->firstOrCreate()
#11 /opt/librenms/vendor/laravel/framework/src/Illuminate/Support/Traits/ForwardsCalls.php(23): Illuminate\Database\Eloquent\Builder->updateOrCreate()
#12 /opt/librenms/vendor/laravel/framework/src/Illuminate/Database/Eloquent/Model.php(2540): Illuminate\Database\Eloquent\Model->forwardCallTo()
#13 /opt/librenms/vendor/laravel/framework/src/Illuminate/Database/Eloquent/Model.php(2556): Illuminate\Database\Eloquent\Model->__call()
#14 /opt/librenms/app/ConfigRepository.php(227): Illuminate\Database\Eloquent\Model::__callStatic()
#15 /opt/librenms/app/ConfigRepository.php(457): App\ConfigRepository->persist()
#16 /opt/librenms/app/ConfigRepository.php(65): App\ConfigRepository->loadPostUserConfigDefaults()
#17 /opt/librenms/vendor/laravel/framework/src/Illuminate/Cache/Repository.php(431): App\ConfigRepository->App\{closure}()
#18 /opt/librenms/app/ConfigRepository.php(58): Illuminate\Cache\Repository->remember()
#19 /opt/librenms/app/Providers/ConfigServiceProvider.php(19): App\ConfigRepository->__construct()
#20 /opt/librenms/vendor/laravel/framework/src/Illuminate/Container/Container.php(1154): App\Providers\ConfigServiceProvider->App\Providers\{closure}()
#21 /opt/librenms/vendor/laravel/framework/src/Illuminate/Container/Container.php(972): Illuminate\Container\Container->build()
#22 /opt/librenms/vendor/laravel/framework/src/Illuminate/Foundation/Application.php(1078): Illuminate\Container\Container->resolve()
#23 /opt/librenms/vendor/laravel/framework/src/Illuminate/Container/Container.php(903): Illuminate\Foundation\Application->resolve()
#24 /opt/librenms/vendor/laravel/framework/src/Illuminate/Foundation/Application.php(1058): Illuminate\Container\Container->make()
#25 /opt/librenms/vendor/laravel/framework/src/Illuminate/Container/Container.php(1856): Illuminate\Foundation\Application->make()
#26 /opt/librenms/vendor/laravel/framework/src/Illuminate/Support/Facades/Facade.php(240): Illuminate\Container\Container->offsetGet()
#27 /opt/librenms/vendor/laravel/framework/src/Illuminate/Support/Facades/Facade.php(211): Illuminate\Support\Facades\Facade::resolveFacadeInstance()
#28 /opt/librenms/vendor/laravel/framework/src/Illuminate/Support/Facades/Facade.php(357): Illuminate\Support\Facades\Facade::getFacadeRoot()
#29 /opt/librenms/routes/console.php(180): Illuminate\Support\Facades\Facade::__callStatic()
#30 /opt/librenms/vendor/laravel/framework/src/Illuminate/Foundation/Console/Kernel.php(502): require('...')
#31 /opt/librenms/vendor/laravel/framework/src/Illuminate/Foundation/Console/Kernel.php(482): Illuminate\Foundation\Console\Kernel->discoverCommands()
#32 /opt/librenms/vendor/laravel/framework/src/Illuminate/Foundation/Console/Kernel.php(195): Illuminate\Foundation\Console\Kernel->bootstrap()
#33 /opt/librenms/lnms(35): Illuminate\Foundation\Console\Kernel->handle()
#34 {main}  
[2026-02-11T19:58:07][ERROR] PDOException: SQLSTATE[42S02]: Base table or view not found: 1146 Table 'librenms.config' doesn't exist in /opt/librenms/vendor/laravel/framework/src/Illuminate/Database/Connection.php:406
Stack trace:
#0 /opt/librenms/vendor/laravel/framework/src/Illuminate/Database/Connection.php(406): PDO->prepare()
#1 /opt/librenms/vendor/laravel/framework/src/Illuminate/Database/Connection.php(811): Illuminate\Database\Connection->Illuminate\Database\{closure}()
#2 /opt/librenms/vendor/laravel/framework/src/Illuminate/Database/Connection.php(778): Illuminate\Database\Connection->runQueryCallback()
#3 /opt/librenms/vendor/laravel/framework/src/Illuminate/Database/Connection.php(397): Illuminate\Database\Connection->run()
#4 /opt/librenms/vendor/laravel/framework/src/Illuminate/Database/Query/Builder.php(3188): Illuminate\Database\Connection->select()
#5 /opt/librenms/vendor/laravel/framework/src/Illuminate/Database/Query/Builder.php(3173): Illuminate\Database\Query\Builder->runSelect()
#6 /opt/librenms/vendor/laravel/framework/src/Illuminate/Database/Query/Builder.php(3763): Illuminate\Database\Query\Builder->Illuminate\Database\Query\{closure}()
#7 /opt/librenms/vendor/laravel/framework/src/Illuminate/Database/Query/Builder.php(3172): Illuminate\Database\Query\Builder->onceWithColumns()
#8 /opt/librenms/vendor/laravel/framework/src/Illuminate/Database/Eloquent/Builder.php(902): Illuminate\Database\Query\Builder->get()
#9 /opt/librenms/vendor/laravel/framework/src/Illuminate/Database/Eloquent/Builder.php(884): Illuminate\Database\Eloquent\Builder->getModels()
#10 /opt/librenms/vendor/laravel/framework/src/Illuminate/Database/Concerns/BuildsQueries.php(366): Illuminate\Database\Eloquent\Builder->get()
#11 /opt/librenms/vendor/laravel/framework/src/Illuminate/Database/Eloquent/Builder.php(708): Illuminate\Database\Eloquent\Builder->first()
#12 /opt/librenms/vendor/laravel/framework/src/Illuminate/Database/Eloquent/Builder.php(740): Illuminate\Database\Eloquent\Builder->firstOrCreate()
#13 /opt/librenms/vendor/laravel/framework/src/Illuminate/Support/Traits/ForwardsCalls.php(23): Illuminate\Database\Eloquent\Builder->updateOrCreate()
#14 /opt/librenms/vendor/laravel/framework/src/Illuminate/Database/Eloquent/Model.php(2540): Illuminate\Database\Eloquent\Model->forwardCallTo()
#15 /opt/librenms/vendor/laravel/framework/src/Illuminate/Database/Eloquent/Model.php(2556): Illuminate\Database\Eloquent\Model->__call()
#16 /opt/librenms/app/ConfigRepository.php(227): Illuminate\Database\Eloquent\Model::__callStatic()
#17 /opt/librenms/app/ConfigRepository.php(457): App\ConfigRepository->persist()
#18 /opt/librenms/app/ConfigRepository.php(65): App\ConfigRepository->loadPostUserConfigDefaults()
#19 /opt/librenms/vendor/laravel/framework/src/Illuminate/Cache/Repository.php(431): App\ConfigRepository->App\{closure}()
#20 /opt/librenms/app/ConfigRepository.php(58): Illuminate\Cache\Repository->remember()
#21 /opt/librenms/app/Providers/ConfigServiceProvider.php(19): App\ConfigRepository->__construct()
#22 /opt/librenms/vendor/laravel/framework/src/Illuminate/Container/Container.php(1154): App\Providers\ConfigServiceProvider->App\Providers\{closure}()
#23 /opt/librenms/vendor/laravel/framework/src/Illuminate/Container/Container.php(972): Illuminate\Container\Container->build()
#24 /opt/librenms/vendor/laravel/framework/src/Illuminate/Foundation/Application.php(1078): Illuminate\Container\Container->resolve()
#25 /opt/librenms/vendor/laravel/framework/src/Illuminate/Container/Container.php(903): Illuminate\Foundation\Application->resolve()
#26 /opt/librenms/vendor/laravel/framework/src/Illuminate/Foundation/Application.php(1058): Illuminate\Container\Container->make()
#27 /opt/librenms/vendor/laravel/framework/src/Illuminate/Container/Container.php(1856): Illuminate\Foundation\Application->make()
#28 /opt/librenms/vendor/laravel/framework/src/Illuminate/Support/Facades/Facade.php(240): Illuminate\Container\Container->offsetGet()
#29 /opt/librenms/vendor/laravel/framework/src/Illuminate/Support/Facades/Facade.php(211): Illuminate\Support\Facades\Facade::resolveFacadeInstance()
#30 /opt/librenms/vendor/laravel/framework/src/Illuminate/Support/Facades/Facade.php(357): Illuminate\Support\Facades\Facade::getFacadeRoot()
#31 /opt/librenms/routes/console.php(180): Illuminate\Support\Facades\Facade::__callStatic()
#32 /opt/librenms/vendor/laravel/framework/src/Illuminate/Foundation/Console/Kernel.php(502): require('...')
#33 /opt/librenms/vendor/laravel/framework/src/Illuminate/Foundation/Console/Kernel.php(482): Illuminate\Foundation\Console\Kernel->discoverCommands()
#34 /opt/librenms/vendor/laravel/framework/src/Illuminate/Foundation/Console/Kernel.php(195): Illuminate\Foundation\Console\Kernel->bootstrap()
#35 /opt/librenms/lnms(35): Illuminate\Foundation\Console\Kernel->handle()
#36 {main}

Next Illuminate\Database\QueryException: SQLSTATE[42S02]: Base table or view not found: 1146 Table 'librenms.config' doesn't exist (Connection: mysql, SQL: select * from `config` where (`config_name` = snmpgetnext) limit 1) in /opt/librenms/vendor/laravel/framework/src/Illuminate/Database/Connection.php:824
Stack trace:
#0 /opt/librenms/vendor/laravel/framework/src/Illuminate/Database/Connection.php(778): Illuminate\Database\Connection->runQueryCallback()
#1 /opt/librenms/vendor/laravel/framework/src/Illuminate/Database/Connection.php(397): Illuminate\Database\Connection->run()
#2 /opt/librenms/vendor/laravel/framework/src/Illuminate/Database/Query/Builder.php(3188): Illuminate\Database\Connection->select()
#3 /opt/librenms/vendor/laravel/framework/src/Illuminate/Database/Query/Builder.php(3173): Illuminate\Database\Query\Builder->runSelect()
#4 /opt/librenms/vendor/laravel/framework/src/Illuminate/Database/Query/Builder.php(3763): Illuminate\Database\Query\Builder->Illuminate\Database\Query\{closure}()
#5 /opt/librenms/vendor/laravel/framework/src/Illuminate/Database/Query/Builder.php(3172): Illuminate\Database\Query\Builder->onceWithColumns()
#6 /opt/librenms/vendor/laravel/framework/src/Illuminate/Database/Eloquent/Builder.php(902): Illuminate\Database\Query\Builder->get()
#7 /opt/librenms/vendor/laravel/framework/src/Illuminate/Database/Eloquent/Builder.php(884): Illuminate\Database\Eloquent\Builder->getModels()
#8 /opt/librenms/vendor/laravel/framework/src/Illuminate/Database/Concerns/BuildsQueries.php(366): Illuminate\Database\Eloquent\Builder->get()
#9 /opt/librenms/vendor/laravel/framework/src/Illuminate/Database/Eloquent/Builder.php(708): Illuminate\Database\Eloquent\Builder->first()
#10 /opt/librenms/vendor/laravel/framework/src/Illuminate/Database/Eloquent/Builder.php(740): Illuminate\Database\Eloquent\Builder->firstOrCreate()
#11 /opt/librenms/vendor/laravel/framework/src/Illuminate/Support/Traits/ForwardsCalls.php(23): Illuminate\Database\Eloquent\Builder->updateOrCreate()
#12 /opt/librenms/vendor/laravel/framework/src/Illuminate/Database/Eloquent/Model.php(2540): Illuminate\Database\Eloquent\Model->forwardCallTo()
#13 /opt/librenms/vendor/laravel/framework/src/Illuminate/Database/Eloquent/Model.php(2556): Illuminate\Database\Eloquent\Model->__call()
#14 /opt/librenms/app/ConfigRepository.php(227): Illuminate\Database\Eloquent\Model::__callStatic()
#15 /opt/librenms/app/ConfigRepository.php(457): App\ConfigRepository->persist()
#16 /opt/librenms/app/ConfigRepository.php(65): App\ConfigRepository->loadPostUserConfigDefaults()
#17 /opt/librenms/vendor/laravel/framework/src/Illuminate/Cache/Repository.php(431): App\ConfigRepository->App\{closure}()
#18 /opt/librenms/app/ConfigRepository.php(58): Illuminate\Cache\Repository->remember()
#19 /opt/librenms/app/Providers/ConfigServiceProvider.php(19): App\ConfigRepository->__construct()
#20 /opt/librenms/vendor/laravel/framework/src/Illuminate/Container/Container.php(1154): App\Providers\ConfigServiceProvider->App\Providers\{closure}()
#21 /opt/librenms/vendor/laravel/framework/src/Illuminate/Container/Container.php(972): Illuminate\Container\Container->build()
#22 /opt/librenms/vendor/laravel/framework/src/Illuminate/Foundation/Application.php(1078): Illuminate\Container\Container->resolve()
#23 /opt/librenms/vendor/laravel/framework/src/Illuminate/Container/Container.php(903): Illuminate\Foundation\Application->resolve()
#24 /opt/librenms/vendor/laravel/framework/src/Illuminate/Foundation/Application.php(1058): Illuminate\Container\Container->make()
#25 /opt/librenms/vendor/laravel/framework/src/Illuminate/Container/Container.php(1856): Illuminate\Foundation\Application->make()
#26 /opt/librenms/vendor/laravel/framework/src/Illuminate/Support/Facades/Facade.php(240): Illuminate\Container\Container->offsetGet()
#27 /opt/librenms/vendor/laravel/framework/src/Illuminate/Support/Facades/Facade.php(211): Illuminate\Support\Facades\Facade::resolveFacadeInstance()
#28 /opt/librenms/vendor/laravel/framework/src/Illuminate/Support/Facades/Facade.php(357): Illuminate\Support\Facades\Facade::getFacadeRoot()
#29 /opt/librenms/routes/console.php(180): Illuminate\Support\Facades\Facade::__callStatic()
#30 /opt/librenms/vendor/laravel/framework/src/Illuminate/Foundation/Console/Kernel.php(502): require('...')
#31 /opt/librenms/vendor/laravel/framework/src/Illuminate/Foundation/Console/Kernel.php(482): Illuminate\Foundation\Console\Kernel->discoverCommands()
#32 /opt/librenms/vendor/laravel/framework/src/Illuminate/Foundation/Console/Kernel.php(195): Illuminate\Foundation\Console\Kernel->bootstrap()
#33 /opt/librenms/lnms(35): Illuminate\Foundation\Console\Kernel->handle()
#34 {main}  
[2026-02-11T19:58:07][ERROR] PDOException: SQLSTATE[42S02]: Base table or view not found: 1146 Table 'librenms.config' doesn't exist in /opt/librenms/vendor/laravel/framework/src/Illuminate/Database/Connection.php:406
Stack trace:
#0 /opt/librenms/vendor/laravel/framework/src/Illuminate/Database/Connection.php(406): PDO->prepare()
#1 /opt/librenms/vendor/laravel/framework/src/Illuminate/Database/Connection.php(811): Illuminate\Database\Connection->Illuminate\Database\{closure}()
#2 /opt/librenms/vendor/laravel/framework/src/Illuminate/Database/Connection.php(778): Illuminate\Database\Connection->runQueryCallback()
#3 /opt/librenms/vendor/laravel/framework/src/Illuminate/Database/Connection.php(397): Illuminate\Database\Connection->run()
#4 /opt/librenms/vendor/laravel/framework/src/Illuminate/Database/Query/Builder.php(3188): Illuminate\Database\Connection->select()
#5 /opt/librenms/vendor/laravel/framework/src/Illuminate/Database/Query/Builder.php(3173): Illuminate\Database\Query\Builder->runSelect()
#6 /opt/librenms/vendor/laravel/framework/src/Illuminate/Database/Query/Builder.php(3763): Illuminate\Database\Query\Builder->Illuminate\Database\Query\{closure}()
#7 /opt/librenms/vendor/laravel/framework/src/Illuminate/Database/Query/Builder.php(3172): Illuminate\Database\Query\Builder->onceWithColumns()
#8 /opt/librenms/vendor/laravel/framework/src/Illuminate/Database/Eloquent/Builder.php(902): Illuminate\Database\Query\Builder->get()
#9 /opt/librenms/vendor/laravel/framework/src/Illuminate/Database/Eloquent/Builder.php(884): Illuminate\Database\Eloquent\Builder->getModels()
#10 /opt/librenms/vendor/laravel/framework/src/Illuminate/Database/Concerns/BuildsQueries.php(366): Illuminate\Database\Eloquent\Builder->get()
#11 /opt/librenms/vendor/laravel/framework/src/Illuminate/Database/Eloquent/Builder.php(708): Illuminate\Database\Eloquent\Builder->first()
#12 /opt/librenms/vendor/laravel/framework/src/Illuminate/Database/Eloquent/Builder.php(740): Illuminate\Database\Eloquent\Builder->firstOrCreate()
#13 /opt/librenms/vendor/laravel/framework/src/Illuminate/Support/Traits/ForwardsCalls.php(23): Illuminate\Database\Eloquent\Builder->updateOrCreate()
#14 /opt/librenms/vendor/laravel/framework/src/Illuminate/Database/Eloquent/Model.php(2540): Illuminate\Database\Eloquent\Model->forwardCallTo()
#15 /opt/librenms/vendor/laravel/framework/src/Illuminate/Database/Eloquent/Model.php(2556): Illuminate\Database\Eloquent\Model->__call()
#16 /opt/librenms/app/ConfigRepository.php(227): Illuminate\Database\Eloquent\Model::__callStatic()
#17 /opt/librenms/app/ConfigRepository.php(457): App\ConfigRepository->persist()
#18 /opt/librenms/app/ConfigRepository.php(65): App\ConfigRepository->loadPostUserConfigDefaults()
#19 /opt/librenms/vendor/laravel/framework/src/Illuminate/Cache/Repository.php(431): App\ConfigRepository->App\{closure}()
#20 /opt/librenms/app/ConfigRepository.php(58): Illuminate\Cache\Repository->remember()
#21 /opt/librenms/app/Providers/ConfigServiceProvider.php(19): App\ConfigRepository->__construct()
#22 /opt/librenms/vendor/laravel/framework/src/Illuminate/Container/Container.php(1154): App\Providers\ConfigServiceProvider->App\Providers\{closure}()
#23 /opt/librenms/vendor/laravel/framework/src/Illuminate/Container/Container.php(972): Illuminate\Container\Container->build()
#24 /opt/librenms/vendor/laravel/framework/src/Illuminate/Foundation/Application.php(1078): Illuminate\Container\Container->resolve()
#25 /opt/librenms/vendor/laravel/framework/src/Illuminate/Container/Container.php(903): Illuminate\Foundation\Application->resolve()
#26 /opt/librenms/vendor/laravel/framework/src/Illuminate/Foundation/Application.php(1058): Illuminate\Container\Container->make()
#27 /opt/librenms/vendor/laravel/framework/src/Illuminate/Container/Container.php(1856): Illuminate\Foundation\Application->make()
#28 /opt/librenms/vendor/laravel/framework/src/Illuminate/Support/Facades/Facade.php(240): Illuminate\Container\Container->offsetGet()
#29 /opt/librenms/vendor/laravel/framework/src/Illuminate/Support/Facades/Facade.php(211): Illuminate\Support\Facades\Facade::resolveFacadeInstance()
#30 /opt/librenms/vendor/laravel/framework/src/Illuminate/Support/Facades/Facade.php(357): Illuminate\Support\Facades\Facade::getFacadeRoot()
#31 /opt/librenms/routes/console.php(180): Illuminate\Support\Facades\Facade::__callStatic()
#32 /opt/librenms/vendor/laravel/framework/src/Illuminate/Foundation/Console/Kernel.php(502): require('...')
#33 /opt/librenms/vendor/laravel/framework/src/Illuminate/Foundation/Console/Kernel.php(482): Illuminate\Foundation\Console\Kernel->discoverCommands()
#34 /opt/librenms/vendor/laravel/framework/src/Illuminate/Foundation/Console/Kernel.php(195): Illuminate\Foundation\Console\Kernel->bootstrap()
#35 /opt/librenms/lnms(35): Illuminate\Foundation\Console\Kernel->handle()
#36 {main}

Next Illuminate\Database\QueryException: SQLSTATE[42S02]: Base table or view not found: 1146 Table 'librenms.config' doesn't exist (Connection: mysql, SQL: select * from `config` where (`config_name` = rrdtool) limit 1) in /opt/librenms/vendor/laravel/framework/src/Illuminate/Database/Connection.php:824
Stack trace:
#0 /opt/librenms/vendor/laravel/framework/src/Illuminate/Database/Connection.php(778): Illuminate\Database\Connection->runQueryCallback()
#1 /opt/librenms/vendor/laravel/framework/src/Illuminate/Database/Connection.php(397): Illuminate\Database\Connection->run()
#2 /opt/librenms/vendor/laravel/framework/src/Illuminate/Database/Query/Builder.php(3188): Illuminate\Database\Connection->select()
#3 /opt/librenms/vendor/laravel/framework/src/Illuminate/Database/Query/Builder.php(3173): Illuminate\Database\Query\Builder->runSelect()
#4 /opt/librenms/vendor/laravel/framework/src/Illuminate/Database/Query/Builder.php(3763): Illuminate\Database\Query\Builder->Illuminate\Database\Query\{closure}()
#5 /opt/librenms/vendor/laravel/framework/src/Illuminate/Database/Query/Builder.php(3172): Illuminate\Database\Query\Builder->onceWithColumns()
#6 /opt/librenms/vendor/laravel/framework/src/Illuminate/Database/Eloquent/Builder.php(902): Illuminate\Database\Query\Builder->get()
#7 /opt/librenms/vendor/laravel/framework/src/Illuminate/Database/Eloquent/Builder.php(884): Illuminate\Database\Eloquent\Builder->getModels()
#8 /opt/librenms/vendor/laravel/framework/src/Illuminate/Database/Concerns/BuildsQueries.php(366): Illuminate\Database\Eloquent\Builder->get()
#9 /opt/librenms/vendor/laravel/framework/src/Illuminate/Database/Eloquent/Builder.php(708): Illuminate\Database\Eloquent\Builder->first()
#10 /opt/librenms/vendor/laravel/framework/src/Illuminate/Database/Eloquent/Builder.php(740): Illuminate\Database\Eloquent\Builder->firstOrCreate()
#11 /opt/librenms/vendor/laravel/framework/src/Illuminate/Support/Traits/ForwardsCalls.php(23): Illuminate\Database\Eloquent\Builder->updateOrCreate()
#12 /opt/librenms/vendor/laravel/framework/src/Illuminate/Database/Eloquent/Model.php(2540): Illuminate\Database\Eloquent\Model->forwardCallTo()
#13 /opt/librenms/vendor/laravel/framework/src/Illuminate/Database/Eloquent/Model.php(2556): Illuminate\Database\Eloquent\Model->__call()
#14 /opt/librenms/app/ConfigRepository.php(227): Illuminate\Database\Eloquent\Model::__callStatic()
#15 /opt/librenms/app/ConfigRepository.php(457): App\ConfigRepository->persist()
#16 /opt/librenms/app/ConfigRepository.php(65): App\ConfigRepository->loadPostUserConfigDefaults()
#17 /opt/librenms/vendor/laravel/framework/src/Illuminate/Cache/Repository.php(431): App\ConfigRepository->App\{closure}()
#18 /opt/librenms/app/ConfigRepository.php(58): Illuminate\Cache\Repository->remember()
#19 /opt/librenms/app/Providers/ConfigServiceProvider.php(19): App\ConfigRepository->__construct()
#20 /opt/librenms/vendor/laravel/framework/src/Illuminate/Container/Container.php(1154): App\Providers\ConfigServiceProvider->App\Providers\{closure}()
#21 /opt/librenms/vendor/laravel/framework/src/Illuminate/Container/Container.php(972): Illuminate\Container\Container->build()
#22 /opt/librenms/vendor/laravel/framework/src/Illuminate/Foundation/Application.php(1078): Illuminate\Container\Container->resolve()
#23 /opt/librenms/vendor/laravel/framework/src/Illuminate/Container/Container.php(903): Illuminate\Foundation\Application->resolve()
#24 /opt/librenms/vendor/laravel/framework/src/Illuminate/Foundation/Application.php(1058): Illuminate\Container\Container->make()
#25 /opt/librenms/vendor/laravel/framework/src/Illuminate/Container/Container.php(1856): Illuminate\Foundation\Application->make()
#26 /opt/librenms/vendor/laravel/framework/src/Illuminate/Support/Facades/Facade.php(240): Illuminate\Container\Container->offsetGet()
#27 /opt/librenms/vendor/laravel/framework/src/Illuminate/Support/Facades/Facade.php(211): Illuminate\Support\Facades\Facade::resolveFacadeInstance()
#28 /opt/librenms/vendor/laravel/framework/src/Illuminate/Support/Facades/Facade.php(357): Illuminate\Support\Facades\Facade::getFacadeRoot()
#29 /opt/librenms/routes/console.php(180): Illuminate\Support\Facades\Facade::__callStatic()
#30 /opt/librenms/vendor/laravel/framework/src/Illuminate/Foundation/Console/Kernel.php(502): require('...')
#31 /opt/librenms/vendor/laravel/framework/src/Illuminate/Foundation/Console/Kernel.php(482): Illuminate\Foundation\Console\Kernel->discoverCommands()
#32 /opt/librenms/vendor/laravel/framework/src/Illuminate/Foundation/Console/Kernel.php(195): Illuminate\Foundation\Console\Kernel->bootstrap()
#33 /opt/librenms/lnms(35): Illuminate\Foundation\Console\Kernel->handle()
#34 {main}  
[2026-02-11T19:58:07][ERROR] PDOException: SQLSTATE[42S02]: Base table or view not found: 1146 Table 'librenms.config' doesn't exist in /opt/librenms/vendor/laravel/framework/src/Illuminate/Database/Connection.php:406
Stack trace:
#0 /opt/librenms/vendor/laravel/framework/src/Illuminate/Database/Connection.php(406): PDO->prepare()
#1 /opt/librenms/vendor/laravel/framework/src/Illuminate/Database/Connection.php(811): Illuminate\Database\Connection->Illuminate\Database\{closure}()
#2 /opt/librenms/vendor/laravel/framework/src/Illuminate/Database/Connection.php(778): Illuminate\Database\Connection->runQueryCallback()
#3 /opt/librenms/vendor/laravel/framework/src/Illuminate/Database/Connection.php(397): Illuminate\Database\Connection->run()
#4 /opt/librenms/vendor/laravel/framework/src/Illuminate/Database/Query/Builder.php(3188): Illuminate\Database\Connection->select()
#5 /opt/librenms/vendor/laravel/framework/src/Illuminate/Database/Query/Builder.php(3173): Illuminate\Database\Query\Builder->runSelect()
#6 /opt/librenms/vendor/laravel/framework/src/Illuminate/Database/Query/Builder.php(3763): Illuminate\Database\Query\Builder->Illuminate\Database\Query\{closure}()
#7 /opt/librenms/vendor/laravel/framework/src/Illuminate/Database/Query/Builder.php(3172): Illuminate\Database\Query\Builder->onceWithColumns()
#8 /opt/librenms/vendor/laravel/framework/src/Illuminate/Database/Eloquent/Builder.php(902): Illuminate\Database\Query\Builder->get()
#9 /opt/librenms/vendor/laravel/framework/src/Illuminate/Database/Eloquent/Builder.php(884): Illuminate\Database\Eloquent\Builder->getModels()
#10 /opt/librenms/vendor/laravel/framework/src/Illuminate/Database/Concerns/BuildsQueries.php(366): Illuminate\Database\Eloquent\Builder->get()
#11 /opt/librenms/vendor/laravel/framework/src/Illuminate/Database/Eloquent/Builder.php(708): Illuminate\Database\Eloquent\Builder->first()
#12 /opt/librenms/vendor/laravel/framework/src/Illuminate/Database/Eloquent/Builder.php(740): Illuminate\Database\Eloquent\Builder->firstOrCreate()
#13 /opt/librenms/vendor/laravel/framework/src/Illuminate/Support/Traits/ForwardsCalls.php(23): Illuminate\Database\Eloquent\Builder->updateOrCreate()
#14 /opt/librenms/vendor/laravel/framework/src/Illuminate/Database/Eloquent/Model.php(2540): Illuminate\Database\Eloquent\Model->forwardCallTo()
#15 /opt/librenms/vendor/laravel/framework/src/Illuminate/Database/Eloquent/Model.php(2556): Illuminate\Database\Eloquent\Model->__call()
#16 /opt/librenms/app/ConfigRepository.php(227): Illuminate\Database\Eloquent\Model::__callStatic()
#17 /opt/librenms/app/ConfigRepository.php(457): App\ConfigRepository->persist()
#18 /opt/librenms/app/ConfigRepository.php(65): App\ConfigRepository->loadPostUserConfigDefaults()
#19 /opt/librenms/vendor/laravel/framework/src/Illuminate/Cache/Repository.php(431): App\ConfigRepository->App\{closure}()
#20 /opt/librenms/app/ConfigRepository.php(58): Illuminate\Cache\Repository->remember()
#21 /opt/librenms/app/Providers/ConfigServiceProvider.php(19): App\ConfigRepository->__construct()
#22 /opt/librenms/vendor/laravel/framework/src/Illuminate/Container/Container.php(1154): App\Providers\ConfigServiceProvider->App\Providers\{closure}()
#23 /opt/librenms/vendor/laravel/framework/src/Illuminate/Container/Container.php(972): Illuminate\Container\Container->build()
#24 /opt/librenms/vendor/laravel/framework/src/Illuminate/Foundation/Application.php(1078): Illuminate\Container\Container->resolve()
#25 /opt/librenms/vendor/laravel/framework/src/Illuminate/Container/Container.php(903): Illuminate\Foundation\Application->resolve()
#26 /opt/librenms/vendor/laravel/framework/src/Illuminate/Foundation/Application.php(1058): Illuminate\Container\Container->make()
#27 /opt/librenms/vendor/laravel/framework/src/Illuminate/Container/Container.php(1856): Illuminate\Foundation\Application->make()
#28 /opt/librenms/vendor/laravel/framework/src/Illuminate/Support/Facades/Facade.php(240): Illuminate\Container\Container->offsetGet()
#29 /opt/librenms/vendor/laravel/framework/src/Illuminate/Support/Facades/Facade.php(211): Illuminate\Support\Facades\Facade::resolveFacadeInstance()
#30 /opt/librenms/vendor/laravel/framework/src/Illuminate/Support/Facades/Facade.php(357): Illuminate\Support\Facades\Facade::getFacadeRoot()
#31 /opt/librenms/routes/console.php(180): Illuminate\Support\Facades\Facade::__callStatic()
#32 /opt/librenms/vendor/laravel/framework/src/Illuminate/Foundation/Console/Kernel.php(502): require('...')
#33 /opt/librenms/vendor/laravel/framework/src/Illuminate/Foundation/Console/Kernel.php(482): Illuminate\Foundation\Console\Kernel->discoverCommands()
#34 /opt/librenms/vendor/laravel/framework/src/Illuminate/Foundation/Console/Kernel.php(195): Illuminate\Foundation\Console\Kernel->bootstrap()
#35 /opt/librenms/lnms(35): Illuminate\Foundation\Console\Kernel->handle()
#36 {main}

Next Illuminate\Database\QueryException: SQLSTATE[42S02]: Base table or view not found: 1146 Table 'librenms.config' doesn't exist (Connection: mysql, SQL: select * from `config` where (`config_name` = traceroute) limit 1) in /opt/librenms/vendor/laravel/framework/src/Illuminate/Database/Connection.php:824
Stack trace:
#0 /opt/librenms/vendor/laravel/framework/src/Illuminate/Database/Connection.php(778): Illuminate\Database\Connection->runQueryCallback()
#1 /opt/librenms/vendor/laravel/framework/src/Illuminate/Database/Connection.php(397): Illuminate\Database\Connection->run()
#2 /opt/librenms/vendor/laravel/framework/src/Illuminate/Database/Query/Builder.php(3188): Illuminate\Database\Connection->select()
#3 /opt/librenms/vendor/laravel/framework/src/Illuminate/Database/Query/Builder.php(3173): Illuminate\Database\Query\Builder->runSelect()
#4 /opt/librenms/vendor/laravel/framework/src/Illuminate/Database/Query/Builder.php(3763): Illuminate\Database\Query\Builder->Illuminate\Database\Query\{closure}()
#5 /opt/librenms/vendor/laravel/framework/src/Illuminate/Database/Query/Builder.php(3172): Illuminate\Database\Query\Builder->onceWithColumns()
#6 /opt/librenms/vendor/laravel/framework/src/Illuminate/Database/Eloquent/Builder.php(902): Illuminate\Database\Query\Builder->get()
#7 /opt/librenms/vendor/laravel/framework/src/Illuminate/Database/Eloquent/Builder.php(884): Illuminate\Database\Eloquent\Builder->getModels()
#8 /opt/librenms/vendor/laravel/framework/src/Illuminate/Database/Concerns/BuildsQueries.php(366): Illuminate\Database\Eloquent\Builder->get()
#9 /opt/librenms/vendor/laravel/framework/src/Illuminate/Database/Eloquent/Builder.php(708): Illuminate\Database\Eloquent\Builder->first()
#10 /opt/librenms/vendor/laravel/framework/src/Illuminate/Database/Eloquent/Builder.php(740): Illuminate\Database\Eloquent\Builder->firstOrCreate()
#11 /opt/librenms/vendor/laravel/framework/src/Illuminate/Support/Traits/ForwardsCalls.php(23): Illuminate\Database\Eloquent\Builder->updateOrCreate()
#12 /opt/librenms/vendor/laravel/framework/src/Illuminate/Database/Eloquent/Model.php(2540): Illuminate\Database\Eloquent\Model->forwardCallTo()
#13 /opt/librenms/vendor/laravel/framework/src/Illuminate/Database/Eloquent/Model.php(2556): Illuminate\Database\Eloquent\Model->__call()
#14 /opt/librenms/app/ConfigRepository.php(227): Illuminate\Database\Eloquent\Model::__callStatic()
#15 /opt/librenms/app/ConfigRepository.php(457): App\ConfigRepository->persist()
#16 /opt/librenms/app/ConfigRepository.php(65): App\ConfigRepository->loadPostUserConfigDefaults()
#17 /opt/librenms/vendor/laravel/framework/src/Illuminate/Cache/Repository.php(431): App\ConfigRepository->App\{closure}()
#18 /opt/librenms/app/ConfigRepository.php(58): Illuminate\Cache\Repository->remember()
#19 /opt/librenms/app/Providers/ConfigServiceProvider.php(19): App\ConfigRepository->__construct()
#20 /opt/librenms/vendor/laravel/framework/src/Illuminate/Container/Container.php(1154): App\Providers\ConfigServiceProvider->App\Providers\{closure}()
#21 /opt/librenms/vendor/laravel/framework/src/Illuminate/Container/Container.php(972): Illuminate\Container\Container->build()
#22 /opt/librenms/vendor/laravel/framework/src/Illuminate/Foundation/Application.php(1078): Illuminate\Container\Container->resolve()
#23 /opt/librenms/vendor/laravel/framework/src/Illuminate/Container/Container.php(903): Illuminate\Foundation\Application->resolve()
#24 /opt/librenms/vendor/laravel/framework/src/Illuminate/Foundation/Application.php(1058): Illuminate\Container\Container->make()
#25 /opt/librenms/vendor/laravel/framework/src/Illuminate/Container/Container.php(1856): Illuminate\Foundation\Application->make()
#26 /opt/librenms/vendor/laravel/framework/src/Illuminate/Support/Facades/Facade.php(240): Illuminate\Container\Container->offsetGet()
#27 /opt/librenms/vendor/laravel/framework/src/Illuminate/Support/Facades/Facade.php(211): Illuminate\Support\Facades\Facade::resolveFacadeInstance()
#28 /opt/librenms/vendor/laravel/framework/src/Illuminate/Support/Facades/Facade.php(357): Illuminate\Support\Facades\Facade::getFacadeRoot()
#29 /opt/librenms/routes/console.php(180): Illuminate\Support\Facades\Facade::__callStatic()
#30 /opt/librenms/vendor/laravel/framework/src/Illuminate/Foundation/Console/Kernel.php(502): require('...')
#31 /opt/librenms/vendor/laravel/framework/src/Illuminate/Foundation/Console/Kernel.php(482): Illuminate\Foundation\Console\Kernel->discoverCommands()
#32 /opt/librenms/vendor/laravel/framework/src/Illuminate/Foundation/Console/Kernel.php(195): Illuminate\Foundation\Console\Kernel->bootstrap()
#33 /opt/librenms/lnms(35): Illuminate\Foundation\Console\Kernel->handle()
#34 {main}  
[2026-02-11T19:58:07][ERROR] PDOException: SQLSTATE[42S02]: Base table or view not found: 1146 Table 'librenms.config' doesn't exist in /opt/librenms/vendor/laravel/framework/src/Illuminate/Database/Connection.php:406
Stack trace:
#0 /opt/librenms/vendor/laravel/framework/src/Illuminate/Database/Connection.php(406): PDO->prepare()
#1 /opt/librenms/vendor/laravel/framework/src/Illuminate/Database/Connection.php(811): Illuminate\Database\Connection->Illuminate\Database\{closure}()
#2 /opt/librenms/vendor/laravel/framework/src/Illuminate/Database/Connection.php(778): Illuminate\Database\Connection->runQueryCallback()
#3 /opt/librenms/vendor/laravel/framework/src/Illuminate/Database/Connection.php(397): Illuminate\Database\Connection->run()
#4 /opt/librenms/vendor/laravel/framework/src/Illuminate/Database/Query/Builder.php(3188): Illuminate\Database\Connection->select()
#5 /opt/librenms/vendor/laravel/framework/src/Illuminate/Database/Query/Builder.php(3173): Illuminate\Database\Query\Builder->runSelect()
#6 /opt/librenms/vendor/laravel/framework/src/Illuminate/Database/Query/Builder.php(3763): Illuminate\Database\Query\Builder->Illuminate\Database\Query\{closure}()
#7 /opt/librenms/vendor/laravel/framework/src/Illuminate/Database/Query/Builder.php(3172): Illuminate\Database\Query\Builder->onceWithColumns()
#8 /opt/librenms/vendor/laravel/framework/src/Illuminate/Database/Eloquent/Builder.php(902): Illuminate\Database\Query\Builder->get()
#9 /opt/librenms/vendor/laravel/framework/src/Illuminate/Database/Eloquent/Builder.php(884): Illuminate\Database\Eloquent\Builder->getModels()
#10 /opt/librenms/vendor/laravel/framework/src/Illuminate/Database/Concerns/BuildsQueries.php(366): Illuminate\Database\Eloquent\Builder->get()
#11 /opt/librenms/vendor/laravel/framework/src/Illuminate/Database/Eloquent/Builder.php(708): Illuminate\Database\Eloquent\Builder->first()
#12 /opt/librenms/vendor/laravel/framework/src/Illuminate/Database/Eloquent/Builder.php(740): Illuminate\Database\Eloquent\Builder->firstOrCreate()
#13 /opt/librenms/vendor/laravel/framework/src/Illuminate/Support/Traits/ForwardsCalls.php(23): Illuminate\Database\Eloquent\Builder->updateOrCreate()
#14 /opt/librenms/vendor/laravel/framework/src/Illuminate/Database/Eloquent/Model.php(2540): Illuminate\Database\Eloquent\Model->forwardCallTo()
#15 /opt/librenms/vendor/laravel/framework/src/Illuminate/Database/Eloquent/Model.php(2556): Illuminate\Database\Eloquent\Model->__call()
#16 /opt/librenms/app/ConfigRepository.php(227): Illuminate\Database\Eloquent\Model::__callStatic()
#17 /opt/librenms/app/ConfigRepository.php(462): App\ConfigRepository->persist()
#18 /opt/librenms/app/ConfigRepository.php(65): App\ConfigRepository->loadPostUserConfigDefaults()
#19 /opt/librenms/vendor/laravel/framework/src/Illuminate/Cache/Repository.php(431): App\ConfigRepository->App\{closure}()
#20 /opt/librenms/app/ConfigRepository.php(58): Illuminate\Cache\Repository->remember()
#21 /opt/librenms/app/Providers/ConfigServiceProvider.php(19): App\ConfigRepository->__construct()
#22 /opt/librenms/vendor/laravel/framework/src/Illuminate/Container/Container.php(1154): App\Providers\ConfigServiceProvider->App\Providers\{closure}()
#23 /opt/librenms/vendor/laravel/framework/src/Illuminate/Container/Container.php(972): Illuminate\Container\Container->build()
#24 /opt/librenms/vendor/laravel/framework/src/Illuminate/Foundation/Application.php(1078): Illuminate\Container\Container->resolve()
#25 /opt/librenms/vendor/laravel/framework/src/Illuminate/Container/Container.php(903): Illuminate\Foundation\Application->resolve()
#26 /opt/librenms/vendor/laravel/framework/src/Illuminate/Foundation/Application.php(1058): Illuminate\Container\Container->make()
#27 /opt/librenms/vendor/laravel/framework/src/Illuminate/Container/Container.php(1856): Illuminate\Foundation\Application->make()
#28 /opt/librenms/vendor/laravel/framework/src/Illuminate/Support/Facades/Facade.php(240): Illuminate\Container\Container->offsetGet()
#29 /opt/librenms/vendor/laravel/framework/src/Illuminate/Support/Facades/Facade.php(211): Illuminate\Support\Facades\Facade::resolveFacadeInstance()
#30 /opt/librenms/vendor/laravel/framework/src/Illuminate/Support/Facades/Facade.php(357): Illuminate\Support\Facades\Facade::getFacadeRoot()
#31 /opt/librenms/routes/console.php(180): Illuminate\Support\Facades\Facade::__callStatic()
#32 /opt/librenms/vendor/laravel/framework/src/Illuminate/Foundation/Console/Kernel.php(502): require('...')
#33 /opt/librenms/vendor/laravel/framework/src/Illuminate/Foundation/Console/Kernel.php(482): Illuminate\Foundation\Console\Kernel->discoverCommands()
#34 /opt/librenms/vendor/laravel/framework/src/Illuminate/Foundation/Console/Kernel.php(195): Illuminate\Foundation\Console\Kernel->bootstrap()
#35 /opt/librenms/lnms(35): Illuminate\Foundation\Console\Kernel->handle()
#36 {main}

Next Illuminate\Database\QueryException: SQLSTATE[42S02]: Base table or view not found: 1146 Table 'librenms.config' doesn't exist (Connection: mysql, SQL: select * from `config` where (`config_name` = rrdtool_version) limit 1) in /opt/librenms/vendor/laravel/framework/src/Illuminate/Database/Connection.php:824
Stack trace:
#0 /opt/librenms/vendor/laravel/framework/src/Illuminate/Database/Connection.php(778): Illuminate\Database\Connection->runQueryCallback()
#1 /opt/librenms/vendor/laravel/framework/src/Illuminate/Database/Connection.php(397): Illuminate\Database\Connection->run()
#2 /opt/librenms/vendor/laravel/framework/src/Illuminate/Database/Query/Builder.php(3188): Illuminate\Database\Connection->select()
#3 /opt/librenms/vendor/laravel/framework/src/Illuminate/Database/Query/Builder.php(3173): Illuminate\Database\Query\Builder->runSelect()
#4 /opt/librenms/vendor/laravel/framework/src/Illuminate/Database/Query/Builder.php(3763): Illuminate\Database\Query\Builder->Illuminate\Database\Query\{closure}()
#5 /opt/librenms/vendor/laravel/framework/src/Illuminate/Database/Query/Builder.php(3172): Illuminate\Database\Query\Builder->onceWithColumns()
#6 /opt/librenms/vendor/laravel/framework/src/Illuminate/Database/Eloquent/Builder.php(902): Illuminate\Database\Query\Builder->get()
#7 /opt/librenms/vendor/laravel/framework/src/Illuminate/Database/Eloquent/Builder.php(884): Illuminate\Database\Eloquent\Builder->getModels()
#8 /opt/librenms/vendor/laravel/framework/src/Illuminate/Database/Concerns/BuildsQueries.php(366): Illuminate\Database\Eloquent\Builder->get()
#9 /opt/librenms/vendor/laravel/framework/src/Illuminate/Database/Eloquent/Builder.php(708): Illuminate\Database\Eloquent\Builder->first()
#10 /opt/librenms/vendor/laravel/framework/src/Illuminate/Database/Eloquent/Builder.php(740): Illuminate\Database\Eloquent\Builder->firstOrCreate()
#11 /opt/librenms/vendor/laravel/framework/src/Illuminate/Support/Traits/ForwardsCalls.php(23): Illuminate\Database\Eloquent\Builder->updateOrCreate()
#12 /opt/librenms/vendor/laravel/framework/src/Illuminate/Database/Eloquent/Model.php(2540): Illuminate\Database\Eloquent\Model->forwardCallTo()
#13 /opt/librenms/vendor/laravel/framework/src/Illuminate/Database/Eloquent/Model.php(2556): Illuminate\Database\Eloquent\Model->__call()
#14 /opt/librenms/app/ConfigRepository.php(227): Illuminate\Database\Eloquent\Model::__callStatic()
#15 /opt/librenms/app/ConfigRepository.php(462): App\ConfigRepository->persist()
#16 /opt/librenms/app/ConfigRepository.php(65): App\ConfigRepository->loadPostUserConfigDefaults()
#17 /opt/librenms/vendor/laravel/framework/src/Illuminate/Cache/Repository.php(431): App\ConfigRepository->App\{closure}()
#18 /opt/librenms/app/ConfigRepository.php(58): Illuminate\Cache\Repository->remember()
#19 /opt/librenms/app/Providers/ConfigServiceProvider.php(19): App\ConfigRepository->__construct()
#20 /opt/librenms/vendor/laravel/framework/src/Illuminate/Container/Container.php(1154): App\Providers\ConfigServiceProvider->App\Providers\{closure}()
#21 /opt/librenms/vendor/laravel/framework/src/Illuminate/Container/Container.php(972): Illuminate\Container\Container->build()
#22 /opt/librenms/vendor/laravel/framework/src/Illuminate/Foundation/Application.php(1078): Illuminate\Container\Container->resolve()
#23 /opt/librenms/vendor/laravel/framework/src/Illuminate/Container/Container.php(903): Illuminate\Foundation\Application->resolve()
#24 /opt/librenms/vendor/laravel/framework/src/Illuminate/Foundation/Application.php(1058): Illuminate\Container\Container->make()
#25 /opt/librenms/vendor/laravel/framework/src/Illuminate/Container/Container.php(1856): Illuminate\Foundation\Application->make()
#26 /opt/librenms/vendor/laravel/framework/src/Illuminate/Support/Facades/Facade.php(240): Illuminate\Container\Container->offsetGet()
#27 /opt/librenms/vendor/laravel/framework/src/Illuminate/Support/Facades/Facade.php(211): Illuminate\Support\Facades\Facade::resolveFacadeInstance()
#28 /opt/librenms/vendor/laravel/framework/src/Illuminate/Support/Facades/Facade.php(357): Illuminate\Support\Facades\Facade::getFacadeRoot()
#29 /opt/librenms/routes/console.php(180): Illuminate\Support\Facades\Facade::__callStatic()
#30 /opt/librenms/vendor/laravel/framework/src/Illuminate/Foundation/Console/Kernel.php(502): require('...')
#31 /opt/librenms/vendor/laravel/framework/src/Illuminate/Foundation/Console/Kernel.php(482): Illuminate\Foundation\Console\Kernel->discoverCommands()
#32 /opt/librenms/vendor/laravel/framework/src/Illuminate/Foundation/Console/Kernel.php(195): Illuminate\Foundation\Console\Kernel->bootstrap()
#33 /opt/librenms/lnms(35): Illuminate\Foundation\Console\Kernel->handle()
#34 {main}  
[2026-02-11T19:58:07][ERROR] PDOException: SQLSTATE[42S02]: Base table or view not found: 1146 Table 'librenms.config' doesn't exist in /opt/librenms/vendor/laravel/framework/src/Illuminate/Database/Connection.php:406
Stack trace:
#0 /opt/librenms/vendor/laravel/framework/src/Illuminate/Database/Connection.php(406): PDO->prepare()
#1 /opt/librenms/vendor/laravel/framework/src/Illuminate/Database/Connection.php(811): Illuminate\Database\Connection->Illuminate\Database\{closure}()
#2 /opt/librenms/vendor/laravel/framework/src/Illuminate/Database/Connection.php(778): Illuminate\Database\Connection->runQueryCallback()
#3 /opt/librenms/vendor/laravel/framework/src/Illuminate/Database/Connection.php(397): Illuminate\Database\Connection->run()
#4 /opt/librenms/vendor/laravel/framework/src/Illuminate/Database/Query/Builder.php(3188): Illuminate\Database\Connection->select()
#5 /opt/librenms/vendor/laravel/framework/src/Illuminate/Database/Query/Builder.php(3173): Illuminate\Database\Query\Builder->runSelect()
#6 /opt/librenms/vendor/laravel/framework/src/Illuminate/Database/Query/Builder.php(3763): Illuminate\Database\Query\Builder->Illuminate\Database\Query\{closure}()
#7 /opt/librenms/vendor/laravel/framework/src/Illuminate/Database/Query/Builder.php(3172): Illuminate\Database\Query\Builder->onceWithColumns()
#8 /opt/librenms/vendor/laravel/framework/src/Illuminate/Database/Eloquent/Builder.php(902): Illuminate\Database\Query\Builder->get()
#9 /opt/librenms/vendor/laravel/framework/src/Illuminate/Database/Eloquent/Builder.php(884): Illuminate\Database\Eloquent\Builder->getModels()
#10 /opt/librenms/vendor/laravel/framework/src/Illuminate/Database/Concerns/BuildsQueries.php(366): Illuminate\Database\Eloquent\Builder->get()
#11 /opt/librenms/vendor/laravel/framework/src/Illuminate/Database/Eloquent/Builder.php(708): Illuminate\Database\Eloquent\Builder->first()
#12 /opt/librenms/vendor/laravel/framework/src/Illuminate/Database/Eloquent/Builder.php(740): Illuminate\Database\Eloquent\Builder->firstOrCreate()
#13 /opt/librenms/vendor/laravel/framework/src/Illuminate/Support/Traits/ForwardsCalls.php(23): Illuminate\Database\Eloquent\Builder->updateOrCreate()
#14 /opt/librenms/vendor/laravel/framework/src/Illuminate/Database/Eloquent/Model.php(2540): Illuminate\Database\Eloquent\Model->forwardCallTo()
#15 /opt/librenms/vendor/laravel/framework/src/Illuminate/Database/Eloquent/Model.php(2556): Illuminate\Database\Eloquent\Model->__call()
#16 /opt/librenms/app/ConfigRepository.php(227): Illuminate\Database\Eloquent\Model::__callStatic()
#17 /opt/librenms/app/ConfigRepository.php(465): App\ConfigRepository->persist()
#18 /opt/librenms/app/ConfigRepository.php(65): App\ConfigRepository->loadPostUserConfigDefaults()
#19 /opt/librenms/vendor/laravel/framework/src/Illuminate/Cache/Repository.php(431): App\ConfigRepository->App\{closure}()
#20 /opt/librenms/app/ConfigRepository.php(58): Illuminate\Cache\Repository->remember()
#21 /opt/librenms/app/Providers/ConfigServiceProvider.php(19): App\ConfigRepository->__construct()
#22 /opt/librenms/vendor/laravel/framework/src/Illuminate/Container/Container.php(1154): App\Providers\ConfigServiceProvider->App\Providers\{closure}()
#23 /opt/librenms/vendor/laravel/framework/src/Illuminate/Container/Container.php(972): Illuminate\Container\Container->build()
#24 /opt/librenms/vendor/laravel/framework/src/Illuminate/Foundation/Application.php(1078): Illuminate\Container\Container->resolve()
#25 /opt/librenms/vendor/laravel/framework/src/Illuminate/Container/Container.php(903): Illuminate\Foundation\Application->resolve()
#26 /opt/librenms/vendor/laravel/framework/src/Illuminate/Foundation/Application.php(1058): Illuminate\Container\Container->make()
#27 /opt/librenms/vendor/laravel/framework/src/Illuminate/Container/Container.php(1856): Illuminate\Foundation\Application->make()
#28 /opt/librenms/vendor/laravel/framework/src/Illuminate/Support/Facades/Facade.php(240): Illuminate\Container\Container->offsetGet()
#29 /opt/librenms/vendor/laravel/framework/src/Illuminate/Support/Facades/Facade.php(211): Illuminate\Support\Facades\Facade::resolveFacadeInstance()
#30 /opt/librenms/vendor/laravel/framework/src/Illuminate/Support/Facades/Facade.php(357): Illuminate\Support\Facades\Facade::getFacadeRoot()
#31 /opt/librenms/routes/console.php(180): Illuminate\Support\Facades\Facade::__callStatic()
#32 /opt/librenms/vendor/laravel/framework/src/Illuminate/Foundation/Console/Kernel.php(502): require('...')
#33 /opt/librenms/vendor/laravel/framework/src/Illuminate/Foundation/Console/Kernel.php(482): Illuminate\Foundation\Console\Kernel->discoverCommands()
#34 /opt/librenms/vendor/laravel/framework/src/Illuminate/Foundation/Console/Kernel.php(195): Illuminate\Foundation\Console\Kernel->bootstrap()
#35 /opt/librenms/lnms(35): Illuminate\Foundation\Console\Kernel->handle()
#36 {main}

Next Illuminate\Database\QueryException: SQLSTATE[42S02]: Base table or view not found: 1146 Table 'librenms.config' doesn't exist (Connection: mysql, SQL: select * from `config` where (`config_name` = snmp.unescape) limit 1) in /opt/librenms/vendor/laravel/framework/src/Illuminate/Database/Connection.php:824
Stack trace:
#0 /opt/librenms/vendor/laravel/framework/src/Illuminate/Database/Connection.php(778): Illuminate\Database\Connection->runQueryCallback()
#1 /opt/librenms/vendor/laravel/framework/src/Illuminate/Database/Connection.php(397): Illuminate\Database\Connection->run()
#2 /opt/librenms/vendor/laravel/framework/src/Illuminate/Database/Query/Builder.php(3188): Illuminate\Database\Connection->select()
#3 /opt/librenms/vendor/laravel/framework/src/Illuminate/Database/Query/Builder.php(3173): Illuminate\Database\Query\Builder->runSelect()
#4 /opt/librenms/vendor/laravel/framework/src/Illuminate/Database/Query/Builder.php(3763): Illuminate\Database\Query\Builder->Illuminate\Database\Query\{closure}()
#5 /opt/librenms/vendor/laravel/framework/src/Illuminate/Database/Query/Builder.php(3172): Illuminate\Database\Query\Builder->onceWithColumns()
#6 /opt/librenms/vendor/laravel/framework/src/Illuminate/Database/Eloquent/Builder.php(902): Illuminate\Database\Query\Builder->get()
#7 /opt/librenms/vendor/laravel/framework/src/Illuminate/Database/Eloquent/Builder.php(884): Illuminate\Database\Eloquent\Builder->getModels()
#8 /opt/librenms/vendor/laravel/framework/src/Illuminate/Database/Concerns/BuildsQueries.php(366): Illuminate\Database\Eloquent\Builder->get()
#9 /opt/librenms/vendor/laravel/framework/src/Illuminate/Database/Eloquent/Builder.php(708): Illuminate\Database\Eloquent\Builder->first()
#10 /opt/librenms/vendor/laravel/framework/src/Illuminate/Database/Eloquent/Builder.php(740): Illuminate\Database\Eloquent\Builder->firstOrCreate()
#11 /opt/librenms/vendor/laravel/framework/src/Illuminate/Support/Traits/ForwardsCalls.php(23): Illuminate\Database\Eloquent\Builder->updateOrCreate()
#12 /opt/librenms/vendor/laravel/framework/src/Illuminate/Database/Eloquent/Model.php(2540): Illuminate\Database\Eloquent\Model->forwardCallTo()
#13 /opt/librenms/vendor/laravel/framework/src/Illuminate/Database/Eloquent/Model.php(2556): Illuminate\Database\Eloquent\Model->__call()
#14 /opt/librenms/app/ConfigRepository.php(227): Illuminate\Database\Eloquent\Model::__callStatic()
#15 /opt/librenms/app/ConfigRepository.php(465): App\ConfigRepository->persist()
#16 /opt/librenms/app/ConfigRepository.php(65): App\ConfigRepository->loadPostUserConfigDefaults()
#17 /opt/librenms/vendor/laravel/framework/src/Illuminate/Cache/Repository.php(431): App\ConfigRepository->App\{closure}()
#18 /opt/librenms/app/ConfigRepository.php(58): Illuminate\Cache\Repository->remember()
#19 /opt/librenms/app/Providers/ConfigServiceProvider.php(19): App\ConfigRepository->__construct()
#20 /opt/librenms/vendor/laravel/framework/src/Illuminate/Container/Container.php(1154): App\Providers\ConfigServiceProvider->App\Providers\{closure}()
#21 /opt/librenms/vendor/laravel/framework/src/Illuminate/Container/Container.php(972): Illuminate\Container\Container->build()
#22 /opt/librenms/vendor/laravel/framework/src/Illuminate/Foundation/Application.php(1078): Illuminate\Container\Container->resolve()
#23 /opt/librenms/vendor/laravel/framework/src/Illuminate/Container/Container.php(903): Illuminate\Foundation\Application->resolve()
#24 /opt/librenms/vendor/laravel/framework/src/Illuminate/Foundation/Application.php(1058): Illuminate\Container\Container->make()
#25 /opt/librenms/vendor/laravel/framework/src/Illuminate/Container/Container.php(1856): Illuminate\Foundation\Application->make()
#26 /opt/librenms/vendor/laravel/framework/src/Illuminate/Support/Facades/Facade.php(240): Illuminate\Container\Container->offsetGet()
#27 /opt/librenms/vendor/laravel/framework/src/Illuminate/Support/Facades/Facade.php(211): Illuminate\Support\Facades\Facade::resolveFacadeInstance()
#28 /opt/librenms/vendor/laravel/framework/src/Illuminate/Support/Facades/Facade.php(357): Illuminate\Support\Facades\Facade::getFacadeRoot()
#29 /opt/librenms/routes/console.php(180): Illuminate\Support\Facades\Facade::__callStatic()
#30 /opt/librenms/vendor/laravel/framework/src/Illuminate/Foundation/Console/Kernel.php(502): require('...')
#31 /opt/librenms/vendor/laravel/framework/src/Illuminate/Foundation/Console/Kernel.php(482): Illuminate\Foundation\Console\Kernel->discoverCommands()
#32 /opt/librenms/vendor/laravel/framework/src/Illuminate/Foundation/Console/Kernel.php(195): Illuminate\Foundation\Console\Kernel->bootstrap()
#33 /opt/librenms/lnms(35): Illuminate\Foundation\Console\Kernel->handle()
#34 {main}  
