Cleared syslog entries older than 30 days (0 rows)
Cleared syslog entries older than 30 days (0 rows)
Cleared syslog entries older than 30 days (0 rows)
Cleared syslog entries older than 30 days (0 rows)
Cleared syslog entries older than 30 days (0 rows)
Cleared syslog entries older than 30 days (0 rows)
Cleared syslog entries older than 30 days (0 rows)
Cleared syslog entries older than 30 days (0 rows)
[ Thu, 12 Feb 2026 03:53:00 +0100 ] LibreNMS https://www.librenms.org/notifications.rss (48)
[ Thu, 12 Feb 2026 03:53:00 +0100 ] local misc/notifications.rss (53)
[ Thu, 12 Feb 2026 03:53:00 +0100 ] Updating DB ..................................................... Done
Cleared syslog entries older than 30 days (0 rows)
Cleared syslog entries older than 30 days (0 rows)
Cleared syslog entries older than 30 days (0 rows)
Cleared syslog entries older than 30 days (0 rows)
Cleared syslog entries older than 30 days (0 rows)
Cleared syslog entries older than 30 days (0 rows)
Cleared syslog entries older than 30 days (0 rows)
Cleared syslog entries older than 30 days (0 rows)
Cleared syslog entries older than 30 days (0 rows)
Cleared syslog entries older than 30 days (0 rows)
Cleared syslog entries older than 30 days (0 rows)
Cleared syslog entries older than 30 days (0 rows)
Cleared syslog entries older than 30 days (0 rows)
Cleared syslog entries older than 30 days (0 rows)
Cleared syslog entries older than 30 days (0 rows)
Cleared syslog entries older than 30 days (0 rows)
Cleared syslog entries older than 30 days (0 rows)
Cleared syslog entries older than 30 days (0 rows)
Cleared syslog entries older than 30 days (0 rows)
[ Fri, 13 Feb 2026 03:53:00 +0100 ] LibreNMS https://www.librenms.org/notifications.rss (48)
[ Fri, 13 Feb 2026 03:53:00 +0100 ] local misc/notifications.rss (53)
[ Fri, 13 Feb 2026 03:53:00 +0100 ] Updating DB  Done
Cleared syslog entries older than 30 days (0 rows)
Cleared syslog entries older than 30 days (0 rows)
Cleared syslog entries older than 30 days (0 rows)
Cleared syslog entries older than 30 days (0 rows)
Cleared syslog entries older than 30 days (0 rows)
Cleared syslog entries older than 30 days (0 rows)
Cleared syslog entries older than 30 days (0 rows)
Cleared syslog entries older than 30 days (0 rows)
Cleared syslog entries older than 30 days (0 rows)
Cleared syslog entries older than 30 days (0 rows)
Cleared syslog entries older than 30 days (0 rows)
Cleared syslog entries older than 30 days (0 rows)
Cleared syslog entries older than 30 days (0 rows)
Cleared syslog entries older than 30 days (0 rows)
Cleared syslog entries older than 30 days (0 rows)
Cleared syslog entries older than 30 days (0 rows)
Cleared syslog entries older than 30 days (0 rows)
[ Sat, 14 Feb 2026 03:53:01 +0100 ] LibreNMS https://www.librenms.org/notifications.rss (48)
[ Sat, 14 Feb 2026 03:53:01 +0100 ] local misc/notifications.rss (53)
[ Sat, 14 Feb 2026 03:53:01 +0100 ] Updating DB  Done
Cleared syslog entries older than 30 days (0 rows)
Cleared syslog entries older than 30 days (0 rows)
Cleared syslog entries older than 30 days (0 rows)
Cleared syslog entries older than 30 days (0 rows)
Cleared syslog entries older than 30 days (0 rows)
Cleared syslog entries older than 30 days (0 rows)
Cleared syslog entries older than 30 days (0 rows)
Cleared syslog entries older than 30 days (0 rows)
Cleared syslog entries older than 30 days (0 rows)
Cleared syslog entries older than 30 days (0 rows)
Cleared syslog entries older than 30 days (0 rows)
Cleared syslog entries older than 30 days (0 rows)
Cleared syslog entries older than 30 days (0 rows)
Cleared syslog entries older than 30 days (0 rows)
Cleared syslog entries older than 30 days (0 rows)
Cleared syslog entries older than 30 days (0 rows)
Cleared syslog entries older than 30 days (0 rows)
Cleared syslog entries older than 30 days (0 rows)
Storing Mac OUI in the database
  -> Downloading ...
  -> Processing CSV ...
  -> Saving results ...
Successfully updated. 56363 modified OUIs
Cleared syslog entries older than 30 days (0 rows)
[ Sun, 15 Feb 2026 03:53:01 +0100 ] LibreNMS https://www.librenms.org/notifications.rss (48)
[ Sun, 15 Feb 2026 03:53:01 +0100 ] local misc/notifications.rss (53)
[ Sun, 15 Feb 2026 03:53:01 +0100 ] Updating DB  Done
Cleared syslog entries older than 30 days (0 rows)
Cleared syslog entries older than 30 days (0 rows)
Cleared syslog entries older than 30 days (0 rows)
Cleared syslog entries older than 30 days (0 rows)
Cleared syslog entries older than 30 days (0 rows)
Cleared syslog entries older than 30 days (0 rows)
Cleared syslog entries older than 30 days (0 rows)
Cleared syslog entries older than 30 days (0 rows)
Cleared syslog entries older than 30 days (0 rows)
Cleared syslog entries older than 30 days (0 rows)
Cleared syslog entries older than 30 days (0 rows)
Cleared syslog entries older than 30 days (0 rows)
Cleared syslog entries older than 30 days (0 rows)
Cleared syslog entries older than 30 days (0 rows)
Cleared syslog entries older than 30 days (0 rows)
Cleared syslog entries older than 30 days (0 rows)
Cleared syslog entries older than 30 days (0 rows)
Cleared syslog entries older than 30 days (0 rows)
Cleared syslog entries older than 30 days (0 rows)
Cleared syslog entries older than 30 days (0 rows)
Cleared syslog entries older than 30 days (0 rows)
Cleared syslog entries older than 30 days (0 rows)
[ Mon, 16 Feb 2026 03:53:01 +0100 ] LibreNMS https://www.librenms.org/notifications.rss (48)
[ Mon, 16 Feb 2026 03:53:01 +0100 ] local misc/notifications.rss (53)
[ Mon, 16 Feb 2026 03:53:01 +0100 ] Updating DB  Done
Cleared syslog entries older than 30 days (0 rows)
Cleared syslog entries older than 30 days (0 rows)
Cleared syslog entries older than 30 days (0 rows)
Cleared syslog entries older than 30 days (0 rows)
Cleared syslog entries older than 30 days (0 rows)
Cleared syslog entries older than 30 days (0 rows)
Cleared syslog entries older than 30 days (0 rows)
Cleared syslog entries older than 30 days (0 rows)
Cleared syslog entries older than 30 days (0 rows)
Cleared syslog entries older than 30 days (0 rows)
Cleared syslog entries older than 30 days (0 rows)
Cleared syslog entries older than 30 days (0 rows)
Cleared syslog entries older than 30 days (0 rows)
Cleared syslog entries older than 30 days (0 rows)
Cleared syslog entries older than 30 days (0 rows)
Cleared syslog entries older than 30 days (0 rows)
[ Tue, 17 Feb 2026 03:53:01 +0100 ] LibreNMS https://www.librenms.org/notifications.rss (48)
[ Tue, 17 Feb 2026 03:53:01 +0100 ] local misc/notifications.rss (53)
[ Tue, 17 Feb 2026 03:53:01 +0100 ] Updating DB  Done
Cleared syslog entries older than 30 days (0 rows)
Cleared syslog entries older than 30 days (0 rows)
Cleared syslog entries older than 30 days (0 rows)
Cleared syslog entries older than 30 days (0 rows)
Cleared syslog entries older than 30 days (0 rows)
Cleared syslog entries older than 30 days (0 rows)
Cleared syslog entries older than 30 days (0 rows)
Cleared syslog entries older than 30 days (0 rows)
Cleared syslog entries older than 30 days (0 rows)
Cleared syslog entries older than 30 days (0 rows)
Cleared syslog entries older than 30 days (0 rows)
Cleared syslog entries older than 30 days (0 rows)
Cleared syslog entries older than 30 days (0 rows)
Cleared syslog entries older than 30 days (0 rows)
Cleared syslog entries older than 30 days (0 rows)
Cleared syslog entries older than 30 days (0 rows)
Cleared syslog entries older than 30 days (0 rows)
Cleared syslog entries older than 30 days (0 rows)
Cleared syslog entries older than 30 days (0 rows)
Cleared syslog entries older than 30 days (0 rows)
Cleared syslog entries older than 30 days (0 rows)
Cleared syslog entries older than 30 days (0 rows)
Cleared syslog entries older than 30 days (0 rows)
Cleared syslog entries older than 30 days (0 rows)
[ Thu, 19 Feb 2026 03:53:00 +0100 ] LibreNMS https://www.librenms.org/notifications.rss (48)
[ Thu, 19 Feb 2026 03:53:00 +0100 ] local misc/notifications.rss (53)
[ Thu, 19 Feb 2026 03:53:00 +0100 ] Updating DB  Done
Cleared syslog entries older than 30 days (0 rows)
Cleared syslog entries older than 30 days (0 rows)
Cleared syslog entries older than 30 days (0 rows)
Cleared syslog entries older than 30 days (0 rows)
Cleared syslog entries older than 30 days (0 rows)
Cleared syslog entries older than 30 days (0 rows)
Cleared syslog entries older than 30 days (0 rows)
Cleared syslog entries older than 30 days (0 rows)
Cleared syslog entries older than 30 days (0 rows)
Cleared syslog entries older than 30 days (0 rows)
Cleared syslog entries older than 30 days (0 rows)
Cleared syslog entries older than 30 days (0 rows)
Cleared syslog entries older than 30 days (0 rows)
Cleared syslog entries older than 30 days (0 rows)
Cleared syslog entries older than 30 days (0 rows)
Cleared syslog entries older than 30 days (0 rows)
Cleared syslog entries older than 30 days (0 rows)
Cleared syslog entries older than 30 days (0 rows)
